[0.251s] DEBUG:colcon:Command line arguments: ['/usr/bin/colcon', 'build']
[0.251s] DEBUG:colcon:Parsed command line arguments: Namespace(log_base=None, log_level=None, verb_name='build', build_base='build', install_base='install', merge_install=False, symlink_install=False, test_result_base=None, continue_on_error=False, executor='parallel', parallel_workers=16, event_handlers=None, ignore_user_meta=False, metas=['./colcon.meta'], base_paths=['.'], packages_ignore=None, packages_ignore_regex=None, paths=None, packages_up_to=None, packages_up_to_regex=None, packages_above=None, packages_above_and_dependencies=None, packages_above_depth=None, packages_select_by_dep=None, packages_skip_by_dep=None, packages_skip_up_to=None, packages_select_build_failed=False, packages_skip_build_finished=False, packages_select_test_failures=False, packages_skip_test_passed=False, packages_select=None, packages_skip=None, packages_select_regex=None, packages_skip_regex=None, packages_start=None, packages_end=None, allow_overriding=[], cmake_args=None, cmake_target=None, cmake_target_skip_unavailable=False, cmake_clean_cache=False, cmake_clean_first=False, cmake_force_configure=False, ament_cmake_args=None, catkin_cmake_args=None, catkin_skip_building_tests=False, verb_parser=<colcon_defaults.argument_parser.defaults.DefaultArgumentsDecorator object at 0x7515dba49240>, verb_extension=<colcon_core.verb.build.BuildVerb object at 0x7515dba48b80>, main=<bound method BuildVerb.main of <colcon_core.verb.build.BuildVerb object at 0x7515dba48b80>>)
[0.499s] Level 1:colcon.colcon_core.package_discovery:discover_packages(colcon_meta) check parameters
[0.499s] Level 1:colcon.colcon_core.package_discovery:discover_packages(recursive) check parameters
[0.499s] Level 1:colcon.colcon_core.package_discovery:discover_packages(ignore) check parameters
[0.499s] Level 1:colcon.colcon_core.package_discovery:discover_packages(path) check parameters
[0.499s] Level 1:colcon.colcon_core.package_discovery:discover_packages(colcon_meta) discover
[0.499s] Level 1:colcon.colcon_core.package_discovery:discover_packages(recursive) discover
[0.499s] INFO:colcon.colcon_core.package_discovery:Crawling recursively for packages in '/home/xiaomi/fishros_src_learn/chart4/chapt4_ws'
[0.500s] Level 1:colcon.colcon_core.package_identification:_identify(.) by extensions ['ignore', 'ignore_ament_install']
[0.500s] Level 1:colcon.colcon_core.package_identification:_identify(.) by extension 'ignore'
[0.500s] Level 1:colcon.colcon_core.package_identification:_identify(.) by extension 'ignore_ament_install'
[0.500s] Level 1:colcon.colcon_core.package_identification:_identify(.) by extensions ['colcon_pkg']
[0.500s] Level 1:colcon.colcon_core.package_identification:_identify(.) by extension 'colcon_pkg'
[0.500s] Level 1:colcon.colcon_core.package_identification:_identify(.) by extensions ['colcon_meta']
[0.500s] Level 1:colcon.colcon_core.package_identification:_identify(.) by extension 'colcon_meta'
[0.500s] Level 1:colcon.colcon_core.package_identification:_identify(.) by extensions ['ros']
[0.500s] Level 1:colcon.colcon_core.package_identification:_identify(.) by extension 'ros'
[0.514s] Level 1:colcon.colcon_core.package_identification:_identify(.) by extensions ['cmake', 'python']
[0.514s] Level 1:colcon.colcon_core.package_identification:_identify(.) by extension 'cmake'
[0.514s] Level 1:colcon.colcon_core.package_identification:_identify(.) by extension 'python'
[0.514s] Level 1:colcon.colcon_core.package_identification:_identify(.) by extensions ['python_setup_py']
[0.514s] Level 1:colcon.colcon_core.package_identification:_identify(.) by extension 'python_setup_py'
[0.514s] Level 1:colcon.colcon_core.package_identification:_identify(build) by extensions ['ignore', 'ignore_ament_install']
[0.514s] Level 1:colcon.colcon_core.package_identification:_identify(build) by extension 'ignore'
[0.514s] Level 1:colcon.colcon_core.package_identification:_identify(build) ignored
[0.514s] Level 1:colcon.colcon_core.package_identification:_identify(install) by extensions ['ignore', 'ignore_ament_install']
[0.514s] Level 1:colcon.colcon_core.package_identification:_identify(install) by extension 'ignore'
[0.514s] Level 1:colcon.colcon_core.package_identification:_identify(install) ignored
[0.515s] Level 1:colcon.colcon_core.package_identification:_identify(log) by extensions ['ignore', 'ignore_ament_install']
[0.515s] Level 1:colcon.colcon_core.package_identification:_identify(log) by extension 'ignore'
[0.515s] Level 1:colcon.colcon_core.package_identification:_identify(log) ignored
[0.515s] Level 1:colcon.colcon_core.package_identification:_identify(src) by extensions ['ignore', 'ignore_ament_install']
[0.515s] Level 1:colcon.colcon_core.package_identification:_identify(src) by extension 'ignore'
[0.515s] Level 1:colcon.colcon_core.package_identification:_identify(src) by extension 'ignore_ament_install'
[0.515s] Level 1:colcon.colcon_core.package_identification:_identify(src) by extensions ['colcon_pkg']
[0.515s] Level 1:colcon.colcon_core.package_identification:_identify(src) by extension 'colcon_pkg'
[0.515s] Level 1:colcon.colcon_core.package_identification:_identify(src) by extensions ['colcon_meta']
[0.515s] Level 1:colcon.colcon_core.package_identification:_identify(src) by extension 'colcon_meta'
[0.515s] Level 1:colcon.colcon_core.package_identification:_identify(src) by extensions ['ros']
[0.515s] Level 1:colcon.colcon_core.package_identification:_identify(src) by extension 'ros'
[0.515s] Level 1:colcon.colcon_core.package_identification:_identify(src) by extensions ['cmake', 'python']
[0.515s] Level 1:colcon.colcon_core.package_identification:_identify(src) by extension 'cmake'
[0.515s] Level 1:colcon.colcon_core.package_identification:_identify(src) by extension 'python'
[0.515s] Level 1:colcon.colcon_core.package_identification:_identify(src) by extensions ['python_setup_py']
[0.515s] Level 1:colcon.colcon_core.package_identification:_identify(src) by extension 'python_setup_py'
[0.515s] Level 1:colcon.colcon_core.package_identification:_identify(src/chapt4_interfaces) by extensions ['ignore', 'ignore_ament_install']
[0.516s] Level 1:colcon.colcon_core.package_identification:_identify(src/chapt4_interfaces) by extension 'ignore'
[0.516s] Level 1:colcon.colcon_core.package_identification:_identify(src/chapt4_interfaces) by extension 'ignore_ament_install'
[0.516s] Level 1:colcon.colcon_core.package_identification:_identify(src/chapt4_interfaces) by extensions ['colcon_pkg']
[0.516s] Level 1:colcon.colcon_core.package_identification:_identify(src/chapt4_interfaces) by extension 'colcon_pkg'
[0.516s] Level 1:colcon.colcon_core.package_identification:_identify(src/chapt4_interfaces) by extensions ['colcon_meta']
[0.516s] Level 1:colcon.colcon_core.package_identification:_identify(src/chapt4_interfaces) by extension 'colcon_meta'
[0.516s] Level 1:colcon.colcon_core.package_identification:_identify(src/chapt4_interfaces) by extensions ['ros']
[0.516s] Level 1:colcon.colcon_core.package_identification:_identify(src/chapt4_interfaces) by extension 'ros'
[0.519s] DEBUG:colcon.colcon_core.package_identification:Package 'src/chapt4_interfaces' with type 'ros.ament_cmake' and name 'chapt4_interfaces'
[0.519s] Level 1:colcon.colcon_core.package_identification:_identify(src/demo_cpp_service) by extensions ['ignore', 'ignore_ament_install']
[0.519s] Level 1:colcon.colcon_core.package_identification:_identify(src/demo_cpp_service) by extension 'ignore'
[0.520s] Level 1:colcon.colcon_core.package_identification:_identify(src/demo_cpp_service) by extension 'ignore_ament_install'
[0.520s] Level 1:colcon.colcon_core.package_identification:_identify(src/demo_cpp_service) by extensions ['colcon_pkg']
[0.520s] Level 1:colcon.colcon_core.package_identification:_identify(src/demo_cpp_service) by extension 'colcon_pkg'
[0.520s] Level 1:colcon.colcon_core.package_identification:_identify(src/demo_cpp_service) by extensions ['colcon_meta']
[0.520s] Level 1:colcon.colcon_core.package_identification:_identify(src/demo_cpp_service) by extension 'colcon_meta'
[0.520s] Level 1:colcon.colcon_core.package_identification:_identify(src/demo_cpp_service) by extensions ['ros']
[0.520s] Level 1:colcon.colcon_core.package_identification:_identify(src/demo_cpp_service) by extension 'ros'
[0.520s] DEBUG:colcon.colcon_core.package_identification:Package 'src/demo_cpp_service' with type 'ros.ament_cmake' and name 'demo_cpp_service'
[0.521s] Level 1:colcon.colcon_core.package_identification:_identify(src/demo_python_service) by extensions ['ignore', 'ignore_ament_install']
[0.521s] Level 1:colcon.colcon_core.package_identification:_identify(src/demo_python_service) by extension 'ignore'
[0.521s] Level 1:colcon.colcon_core.package_identification:_identify(src/demo_python_service) by extension 'ignore_ament_install'
[0.521s] Level 1:colcon.colcon_core.package_identification:_identify(src/demo_python_service) by extensions ['colcon_pkg']
[0.521s] Level 1:colcon.colcon_core.package_identification:_identify(src/demo_python_service) by extension 'colcon_pkg'
[0.521s] Level 1:colcon.colcon_core.package_identification:_identify(src/demo_python_service) by extensions ['colcon_meta']
[0.521s] Level 1:colcon.colcon_core.package_identification:_identify(src/demo_python_service) by extension 'colcon_meta'
[0.521s] Level 1:colcon.colcon_core.package_identification:_identify(src/demo_python_service) by extensions ['ros']
[0.521s] Level 1:colcon.colcon_core.package_identification:_identify(src/demo_python_service) by extension 'ros'
[0.522s] DEBUG:colcon.colcon_core.package_identification:Package 'src/demo_python_service' with type 'ros.ament_python' and name 'demo_python_service'
[0.522s] Level 1:colcon.colcon_core.package_discovery:discover_packages(recursive) using defaults
[0.522s] Level 1:colcon.colcon_core.package_discovery:discover_packages(ignore) discover
[0.522s] Level 1:colcon.colcon_core.package_discovery:discover_packages(ignore) using defaults
[0.522s] Level 1:colcon.colcon_core.package_discovery:discover_packages(path) discover
[0.522s] Level 1:colcon.colcon_core.package_discovery:discover_packages(path) using defaults
[0.552s] Level 1:colcon.colcon_core.package_discovery:discover_packages(prefix_path) check parameters
[0.552s] Level 1:colcon.colcon_core.package_discovery:discover_packages(prefix_path) discover
[0.556s] DEBUG:colcon.colcon_installed_package_information.package_discovery:Found 307 installed packages in /opt/ros/humble
[0.559s] Level 1:colcon.colcon_core.package_discovery:discover_packages(prefix_path) using defaults
[0.609s] Level 5:colcon.colcon_core.verb:set package 'chapt4_interfaces' build argument 'cmake_args' from command line to 'None'
[0.609s] Level 5:colcon.colcon_core.verb:set package 'chapt4_interfaces' build argument 'cmake_target' from command line to 'None'
[0.609s] Level 5:colcon.colcon_core.verb:set package 'chapt4_interfaces' build argument 'cmake_target_skip_unavailable' from command line to 'False'
[0.609s] Level 5:colcon.colcon_core.verb:set package 'chapt4_interfaces' build argument 'cmake_clean_cache' from command line to 'False'
[0.609s] Level 5:colcon.colcon_core.verb:set package 'chapt4_interfaces' build argument 'cmake_clean_first' from command line to 'False'
[0.609s] Level 5:colcon.colcon_core.verb:set package 'chapt4_interfaces' build argument 'cmake_force_configure' from command line to 'False'
[0.609s] Level 5:colcon.colcon_core.verb:set package 'chapt4_interfaces' build argument 'ament_cmake_args' from command line to 'None'
[0.609s] Level 5:colcon.colcon_core.verb:set package 'chapt4_interfaces' build argument 'catkin_cmake_args' from command line to 'None'
[0.609s] Level 5:colcon.colcon_core.verb:set package 'chapt4_interfaces' build argument 'catkin_skip_building_tests' from command line to 'False'
[0.609s] DEBUG:colcon.colcon_core.verb:Building package 'chapt4_interfaces' with the following arguments: {'ament_cmake_args': None, 'build_base': '/home/xiaomi/fishros_src_learn/chart4/chapt4_ws/build/chapt4_interfaces', 'catkin_cmake_args': None, 'catkin_skip_building_tests': False, 'cmake_args': None, 'cmake_clean_cache': False, 'cmake_clean_first': False, 'cmake_force_configure': False, 'cmake_target': None, 'cmake_target_skip_unavailable': False, 'install_base': '/home/xiaomi/fishros_src_learn/chart4/chapt4_ws/install/chapt4_interfaces', 'merge_install': False, 'path': '/home/xiaomi/fishros_src_learn/chart4/chapt4_ws/src/chapt4_interfaces', 'symlink_install': False, 'test_result_base': None}
[0.609s] Level 5:colcon.colcon_core.verb:set package 'demo_cpp_service' build argument 'cmake_args' from command line to 'None'
[0.609s] Level 5:colcon.colcon_core.verb:set package 'demo_cpp_service' build argument 'cmake_target' from command line to 'None'
[0.609s] Level 5:colcon.colcon_core.verb:set package 'demo_cpp_service' build argument 'cmake_target_skip_unavailable' from command line to 'False'
[0.609s] Level 5:colcon.colcon_core.verb:set package 'demo_cpp_service' build argument 'cmake_clean_cache' from command line to 'False'
[0.609s] Level 5:colcon.colcon_core.verb:set package 'demo_cpp_service' build argument 'cmake_clean_first' from command line to 'False'
[0.609s] Level 5:colcon.colcon_core.verb:set package 'demo_cpp_service' build argument 'cmake_force_configure' from command line to 'False'
[0.609s] Level 5:colcon.colcon_core.verb:set package 'demo_cpp_service' build argument 'ament_cmake_args' from command line to 'None'
[0.609s] Level 5:colcon.colcon_core.verb:set package 'demo_cpp_service' build argument 'catkin_cmake_args' from command line to 'None'
[0.609s] Level 5:colcon.colcon_core.verb:set package 'demo_cpp_service' build argument 'catkin_skip_building_tests' from command line to 'False'
[0.609s] DEBUG:colcon.colcon_core.verb:Building package 'demo_cpp_service' with the following arguments: {'ament_cmake_args': None, 'build_base': '/home/xiaomi/fishros_src_learn/chart4/chapt4_ws/build/demo_cpp_service', 'catkin_cmake_args': None, 'catkin_skip_building_tests': False, 'cmake_args': None, 'cmake_clean_cache': False, 'cmake_clean_first': False, 'cmake_force_configure': False, 'cmake_target': None, 'cmake_target_skip_unavailable': False, 'install_base': '/home/xiaomi/fishros_src_learn/chart4/chapt4_ws/install/demo_cpp_service', 'merge_install': False, 'path': '/home/xiaomi/fishros_src_learn/chart4/chapt4_ws/src/demo_cpp_service', 'symlink_install': False, 'test_result_base': None}
[0.610s] Level 5:colcon.colcon_core.verb:set package 'demo_python_service' build argument 'cmake_args' from command line to 'None'
[0.610s] Level 5:colcon.colcon_core.verb:set package 'demo_python_service' build argument 'cmake_target' from command line to 'None'
[0.610s] Level 5:colcon.colcon_core.verb:set package 'demo_python_service' build argument 'cmake_target_skip_unavailable' from command line to 'False'
[0.610s] Level 5:colcon.colcon_core.verb:set package 'demo_python_service' build argument 'cmake_clean_cache' from command line to 'False'
[0.610s] Level 5:colcon.colcon_core.verb:set package 'demo_python_service' build argument 'cmake_clean_first' from command line to 'False'
[0.610s] Level 5:colcon.colcon_core.verb:set package 'demo_python_service' build argument 'cmake_force_configure' from command line to 'False'
[0.610s] Level 5:colcon.colcon_core.verb:set package 'demo_python_service' build argument 'ament_cmake_args' from command line to 'None'
[0.610s] Level 5:colcon.colcon_core.verb:set package 'demo_python_service' build argument 'catkin_cmake_args' from command line to 'None'
[0.610s] Level 5:colcon.colcon_core.verb:set package 'demo_python_service' build argument 'catkin_skip_building_tests' from command line to 'False'
[0.610s] DEBUG:colcon.colcon_core.verb:Building package 'demo_python_service' with the following arguments: {'ament_cmake_args': None, 'build_base': '/home/xiaomi/fishros_src_learn/chart4/chapt4_ws/build/demo_python_service', 'catkin_cmake_args': None, 'catkin_skip_building_tests': False, 'cmake_args': None, 'cmake_clean_cache': False, 'cmake_clean_first': False, 'cmake_force_configure': False, 'cmake_target': None, 'cmake_target_skip_unavailable': False, 'install_base': '/home/xiaomi/fishros_src_learn/chart4/chapt4_ws/install/demo_python_service', 'merge_install': False, 'path': '/home/xiaomi/fishros_src_learn/chart4/chapt4_ws/src/demo_python_service', 'symlink_install': False, 'test_result_base': None}
[0.610s] INFO:colcon.colcon_core.executor:Executing jobs using 'parallel' executor
[0.611s] DEBUG:colcon.colcon_parallel_executor.executor.parallel:run_until_complete
[0.612s] INFO:colcon.colcon_ros.task.ament_cmake.build:Building ROS package in '/home/xiaomi/fishros_src_learn/chart4/chapt4_ws/src/chapt4_interfaces' with build type 'ament_cmake'
[0.612s] INFO:colcon.colcon_cmake.task.cmake.build:Building CMake package in '/home/xiaomi/fishros_src_learn/chart4/chapt4_ws/src/chapt4_interfaces'
[0.618s] INFO:colcon.colcon_core.plugin_system:Skipping extension 'colcon_core.shell.bat': Not used on non-Windows systems
[0.618s] INFO:colcon.colcon_core.shell:Skip shell extension 'powershell' for command environment: Not usable outside of PowerShell
[0.618s] DEBUG:colcon.colcon_core.shell:Skip shell extension 'dsv' for command environment
[0.627s] DEBUG:colcon.colcon_core.event_handler.log_command:Invoking command in '/home/xiaomi/fishros_src_learn/chart4/chapt4_ws/build/chapt4_interfaces': CMAKE_PREFIX_PATH=/opt/ros/humble /usr/bin/cmake /home/xiaomi/fishros_src_learn/chart4/chapt4_ws/src/chapt4_interfaces -DCMAKE_INSTALL_PREFIX=/home/xiaomi/fishros_src_learn/chart4/chapt4_ws/install/chapt4_interfaces
[2.937s] DEBUG:colcon.colcon_core.event_handler.log_command:Invoked command in '/home/xiaomi/fishros_src_learn/chart4/chapt4_ws/build/chapt4_interfaces' returned '0': CMAKE_PREFIX_PATH=/opt/ros/humble /usr/bin/cmake /home/xiaomi/fishros_src_learn/chart4/chapt4_ws/src/chapt4_interfaces -DCMAKE_INSTALL_PREFIX=/home/xiaomi/fishros_src_learn/chart4/chapt4_ws/install/chapt4_interfaces
[2.940s] DEBUG:colcon.colcon_core.event_handler.log_command:Invoking command in '/home/xiaomi/fishros_src_learn/chart4/chapt4_ws/build/chapt4_interfaces': CMAKE_PREFIX_PATH=/opt/ros/humble /usr/bin/cmake --build /home/xiaomi/fishros_src_learn/chart4/chapt4_ws/build/chapt4_interfaces -- -j16 -l16
[6.823s] DEBUG:colcon.colcon_core.event_handler.log_command:Invoked command in '/home/xiaomi/fishros_src_learn/chart4/chapt4_ws/build/chapt4_interfaces' returned '0': CMAKE_PREFIX_PATH=/opt/ros/humble /usr/bin/cmake --build /home/xiaomi/fishros_src_learn/chart4/chapt4_ws/build/chapt4_interfaces -- -j16 -l16
[6.837s] DEBUG:colcon.colcon_core.event_handler.log_command:Invoking command in '/home/xiaomi/fishros_src_learn/chart4/chapt4_ws/build/chapt4_interfaces': CMAKE_PREFIX_PATH=/opt/ros/humble /usr/bin/cmake --install /home/xiaomi/fishros_src_learn/chart4/chapt4_ws/build/chapt4_interfaces
[6.950s] Level 1:colcon.colcon_core.environment:create_environment_scripts_only(chapt4_interfaces)
[6.952s] DEBUG:colcon.colcon_core.event_handler.log_command:Invoked command in '/home/xiaomi/fishros_src_learn/chart4/chapt4_ws/build/chapt4_interfaces' returned '0': CMAKE_PREFIX_PATH=/opt/ros/humble /usr/bin/cmake --install /home/xiaomi/fishros_src_learn/chart4/chapt4_ws/build/chapt4_interfaces
[6.960s] Level 1:colcon.colcon_core.environment:checking '/home/xiaomi/fishros_src_learn/chart4/chapt4_ws/install/chapt4_interfaces' for CMake module files
[6.961s] Level 1:colcon.colcon_core.environment:checking '/home/xiaomi/fishros_src_learn/chart4/chapt4_ws/install/chapt4_interfaces' for CMake config files
[6.961s] Level 1:colcon.colcon_core.shell:create_environment_hook('chapt4_interfaces', 'cmake_prefix_path')
[6.961s] INFO:colcon.colcon_core.shell:Creating environment hook '/home/xiaomi/fishros_src_learn/chart4/chapt4_ws/install/chapt4_interfaces/share/chapt4_interfaces/hook/cmake_prefix_path.ps1'
[6.963s] INFO:colcon.colcon_core.shell:Creating environment descriptor '/home/xiaomi/fishros_src_learn/chart4/chapt4_ws/install/chapt4_interfaces/share/chapt4_interfaces/hook/cmake_prefix_path.dsv'
[6.964s] INFO:colcon.colcon_core.shell:Creating environment hook '/home/xiaomi/fishros_src_learn/chart4/chapt4_ws/install/chapt4_interfaces/share/chapt4_interfaces/hook/cmake_prefix_path.sh'
[6.966s] Level 1:colcon.colcon_core.environment:checking '/home/xiaomi/fishros_src_learn/chart4/chapt4_ws/install/chapt4_interfaces/lib'
[6.966s] Level 1:colcon.colcon_core.shell:create_environment_hook('chapt4_interfaces', 'ld_library_path_lib')
[6.967s] INFO:colcon.colcon_core.shell:Creating environment hook '/home/xiaomi/fishros_src_learn/chart4/chapt4_ws/install/chapt4_interfaces/share/chapt4_interfaces/hook/ld_library_path_lib.ps1'
[6.968s] INFO:colcon.colcon_core.shell:Creating environment descriptor '/home/xiaomi/fishros_src_learn/chart4/chapt4_ws/install/chapt4_interfaces/share/chapt4_interfaces/hook/ld_library_path_lib.dsv'
[6.968s] INFO:colcon.colcon_core.shell:Creating environment hook '/home/xiaomi/fishros_src_learn/chart4/chapt4_ws/install/chapt4_interfaces/share/chapt4_interfaces/hook/ld_library_path_lib.sh'
[6.969s] Level 1:colcon.colcon_core.environment:checking '/home/xiaomi/fishros_src_learn/chart4/chapt4_ws/install/chapt4_interfaces/bin'
[6.969s] Level 1:colcon.colcon_core.environment:checking '/home/xiaomi/fishros_src_learn/chart4/chapt4_ws/install/chapt4_interfaces/lib/pkgconfig/chapt4_interfaces.pc'
[6.969s] Level 1:colcon.colcon_core.environment:checking '/home/xiaomi/fishros_src_learn/chart4/chapt4_ws/install/chapt4_interfaces/lib/python3.10/site-packages'
[6.969s] Level 1:colcon.colcon_core.environment:checking '/home/xiaomi/fishros_src_learn/chart4/chapt4_ws/install/chapt4_interfaces/bin'
[6.970s] INFO:colcon.colcon_core.shell:Creating package script '/home/xiaomi/fishros_src_learn/chart4/chapt4_ws/install/chapt4_interfaces/share/chapt4_interfaces/package.ps1'
[6.971s] INFO:colcon.colcon_core.shell:Creating package descriptor '/home/xiaomi/fishros_src_learn/chart4/chapt4_ws/install/chapt4_interfaces/share/chapt4_interfaces/package.dsv'
[6.972s] INFO:colcon.colcon_core.shell:Creating package script '/home/xiaomi/fishros_src_learn/chart4/chapt4_ws/install/chapt4_interfaces/share/chapt4_interfaces/package.sh'
[6.973s] INFO:colcon.colcon_core.shell:Creating package script '/home/xiaomi/fishros_src_learn/chart4/chapt4_ws/install/chapt4_interfaces/share/chapt4_interfaces/package.bash'
[6.974s] INFO:colcon.colcon_core.shell:Creating package script '/home/xiaomi/fishros_src_learn/chart4/chapt4_ws/install/chapt4_interfaces/share/chapt4_interfaces/package.zsh'
[6.975s] Level 1:colcon.colcon_core.environment:create_file_with_runtime_dependencies(/home/xiaomi/fishros_src_learn/chart4/chapt4_ws/install/chapt4_interfaces/share/colcon-core/packages/chapt4_interfaces)
[6.976s] Level 1:colcon.colcon_core.environment:create_environment_scripts_only(chapt4_interfaces)
[6.976s] Level 1:colcon.colcon_core.environment:checking '/home/xiaomi/fishros_src_learn/chart4/chapt4_ws/install/chapt4_interfaces' for CMake module files
[6.977s] Level 1:colcon.colcon_core.environment:checking '/home/xiaomi/fishros_src_learn/chart4/chapt4_ws/install/chapt4_interfaces' for CMake config files
[6.977s] Level 1:colcon.colcon_core.shell:create_environment_hook('chapt4_interfaces', 'cmake_prefix_path')
[6.977s] INFO:colcon.colcon_core.shell:Creating environment hook '/home/xiaomi/fishros_src_learn/chart4/chapt4_ws/install/chapt4_interfaces/share/chapt4_interfaces/hook/cmake_prefix_path.ps1'
[6.978s] INFO:colcon.colcon_core.shell:Creating environment descriptor '/home/xiaomi/fishros_src_learn/chart4/chapt4_ws/install/chapt4_interfaces/share/chapt4_interfaces/hook/cmake_prefix_path.dsv'
[6.979s] INFO:colcon.colcon_core.shell:Creating environment hook '/home/xiaomi/fishros_src_learn/chart4/chapt4_ws/install/chapt4_interfaces/share/chapt4_interfaces/hook/cmake_prefix_path.sh'
[6.980s] Level 1:colcon.colcon_core.environment:checking '/home/xiaomi/fishros_src_learn/chart4/chapt4_ws/install/chapt4_interfaces/lib'
[6.980s] Level 1:colcon.colcon_core.shell:create_environment_hook('chapt4_interfaces', 'ld_library_path_lib')
[6.980s] INFO:colcon.colcon_core.shell:Creating environment hook '/home/xiaomi/fishros_src_learn/chart4/chapt4_ws/install/chapt4_interfaces/share/chapt4_interfaces/hook/ld_library_path_lib.ps1'
[6.981s] INFO:colcon.colcon_core.shell:Creating environment descriptor '/home/xiaomi/fishros_src_learn/chart4/chapt4_ws/install/chapt4_interfaces/share/chapt4_interfaces/hook/ld_library_path_lib.dsv'
[6.982s] INFO:colcon.colcon_core.shell:Creating environment hook '/home/xiaomi/fishros_src_learn/chart4/chapt4_ws/install/chapt4_interfaces/share/chapt4_interfaces/hook/ld_library_path_lib.sh'
[6.983s] Level 1:colcon.colcon_core.environment:checking '/home/xiaomi/fishros_src_learn/chart4/chapt4_ws/install/chapt4_interfaces/bin'
[6.983s] Level 1:colcon.colcon_core.environment:checking '/home/xiaomi/fishros_src_learn/chart4/chapt4_ws/install/chapt4_interfaces/lib/pkgconfig/chapt4_interfaces.pc'
[6.983s] Level 1:colcon.colcon_core.environment:checking '/home/xiaomi/fishros_src_learn/chart4/chapt4_ws/install/chapt4_interfaces/lib/python3.10/site-packages'
[6.983s] Level 1:colcon.colcon_core.environment:checking '/home/xiaomi/fishros_src_learn/chart4/chapt4_ws/install/chapt4_interfaces/bin'
[6.984s] INFO:colcon.colcon_core.shell:Creating package script '/home/xiaomi/fishros_src_learn/chart4/chapt4_ws/install/chapt4_interfaces/share/chapt4_interfaces/package.ps1'
[6.985s] INFO:colcon.colcon_core.shell:Creating package descriptor '/home/xiaomi/fishros_src_learn/chart4/chapt4_ws/install/chapt4_interfaces/share/chapt4_interfaces/package.dsv'
[6.985s] INFO:colcon.colcon_core.shell:Creating package script '/home/xiaomi/fishros_src_learn/chart4/chapt4_ws/install/chapt4_interfaces/share/chapt4_interfaces/package.sh'
[6.986s] INFO:colcon.colcon_core.shell:Creating package script '/home/xiaomi/fishros_src_learn/chart4/chapt4_ws/install/chapt4_interfaces/share/chapt4_interfaces/package.bash'
[6.987s] INFO:colcon.colcon_core.shell:Creating package script '/home/xiaomi/fishros_src_learn/chart4/chapt4_ws/install/chapt4_interfaces/share/chapt4_interfaces/package.zsh'
[6.988s] Level 1:colcon.colcon_core.environment:create_file_with_runtime_dependencies(/home/xiaomi/fishros_src_learn/chart4/chapt4_ws/install/chapt4_interfaces/share/colcon-core/packages/chapt4_interfaces)
[6.989s] INFO:colcon.colcon_ros.task.ament_cmake.build:Building ROS package in '/home/xiaomi/fishros_src_learn/chart4/chapt4_ws/src/demo_cpp_service' with build type 'ament_cmake'
[6.989s] INFO:colcon.colcon_cmake.task.cmake.build:Building CMake package in '/home/xiaomi/fishros_src_learn/chart4/chapt4_ws/src/demo_cpp_service'
[6.989s] INFO:colcon.colcon_core.shell:Skip shell extension 'powershell' for command environment: Not usable outside of PowerShell
[6.990s] DEBUG:colcon.colcon_core.shell:Skip shell extension 'dsv' for command environment
[6.994s] INFO:colcon.colcon_ros.task.ament_python.build:Building ROS package in '/home/xiaomi/fishros_src_learn/chart4/chapt4_ws/src/demo_python_service' with build type 'ament_python'
[6.994s] Level 1:colcon.colcon_core.shell:create_environment_hook('demo_python_service', 'ament_prefix_path')
[6.994s] INFO:colcon.colcon_core.shell:Creating environment hook '/home/xiaomi/fishros_src_learn/chart4/chapt4_ws/install/demo_python_service/share/demo_python_service/hook/ament_prefix_path.ps1'
[6.996s] INFO:colcon.colcon_core.shell:Creating environment descriptor '/home/xiaomi/fishros_src_learn/chart4/chapt4_ws/install/demo_python_service/share/demo_python_service/hook/ament_prefix_path.dsv'
[6.996s] INFO:colcon.colcon_core.shell:Creating environment hook '/home/xiaomi/fishros_src_learn/chart4/chapt4_ws/install/demo_python_service/share/demo_python_service/hook/ament_prefix_path.sh'
[6.997s] INFO:colcon.colcon_core.shell:Skip shell extension 'powershell' for command environment: Not usable outside of PowerShell
[6.997s] DEBUG:colcon.colcon_core.shell:Skip shell extension 'dsv' for command environment
[7.012s] DEBUG:colcon.colcon_core.event_handler.log_command:Invoking command in '/home/xiaomi/fishros_src_learn/chart4/chapt4_ws/build/demo_cpp_service': AMENT_PREFIX_PATH=/home/xiaomi/fishros_src_learn/chart4/chapt4_ws/install/chapt4_interfaces:${AMENT_PREFIX_PATH} CMAKE_PREFIX_PATH=/home/xiaomi/fishros_src_learn/chart4/chapt4_ws/install/chapt4_interfaces:/opt/ros/humble LD_LIBRARY_PATH=/home/xiaomi/fishros_src_learn/chart4/chapt4_ws/install/chapt4_interfaces/lib:${LD_LIBRARY_PATH} PYTHONPATH=/home/xiaomi/fishros_src_learn/chart4/chapt4_ws/install/chapt4_interfaces/local/lib/python3.10/dist-packages:${PYTHONPATH} /usr/bin/cmake /home/xiaomi/fishros_src_learn/chart4/chapt4_ws/src/demo_cpp_service -DCMAKE_INSTALL_PREFIX=/home/xiaomi/fishros_src_learn/chart4/chapt4_ws/install/demo_cpp_service
[7.326s] INFO:colcon.colcon_core.task.python.build:Building Python package in '/home/xiaomi/fishros_src_learn/chart4/chapt4_ws/src/demo_python_service'
[7.326s] INFO:colcon.colcon_core.shell:Skip shell extension 'powershell' for command environment: Not usable outside of PowerShell
[7.326s] DEBUG:colcon.colcon_core.shell:Skip shell extension 'dsv' for command environment
[7.914s] DEBUG:colcon.colcon_core.event_handler.log_command:Invoking command in '/home/xiaomi/fishros_src_learn/chart4/chapt4_ws/src/demo_python_service': AMENT_PREFIX_PATH=/home/xiaomi/fishros_src_learn/chart4/chapt4_ws/install/chapt4_interfaces:${AMENT_PREFIX_PATH} CMAKE_PREFIX_PATH=/home/xiaomi/fishros_src_learn/chart4/chapt4_ws/install/chapt4_interfaces LD_LIBRARY_PATH=/home/xiaomi/fishros_src_learn/chart4/chapt4_ws/install/chapt4_interfaces/lib:${LD_LIBRARY_PATH} PYTHONPATH=/home/xiaomi/fishros_src_learn/chart4/chapt4_ws/build/demo_python_service/prefix_override:/usr/lib/python3/dist-packages/colcon_core/task/python/colcon_distutils_commands:/home/xiaomi/fishros_src_learn/chart4/chapt4_ws/install/demo_python_service/lib/python3.10/site-packages:/home/xiaomi/fishros_src_learn/chart4/chapt4_ws/install/chapt4_interfaces/local/lib/python3.10/dist-packages:${PYTHONPATH} /usr/bin/python3 -W ignore:setup.py install is deprecated -W ignore:easy_install command is deprecated setup.py egg_info --egg-base ../../build/demo_python_service build --build-base /home/xiaomi/fishros_src_learn/chart4/chapt4_ws/build/demo_python_service/build install --record /home/xiaomi/fishros_src_learn/chart4/chapt4_ws/build/demo_python_service/install.log --single-version-externally-managed install_data
[8.212s] Level 1:colcon.colcon_core.environment:checking '/home/xiaomi/fishros_src_learn/chart4/chapt4_ws/install/demo_python_service' for CMake module files
[8.213s] DEBUG:colcon.colcon_core.event_handler.log_command:Invoked command in '/home/xiaomi/fishros_src_learn/chart4/chapt4_ws/src/demo_python_service' returned '0': AMENT_PREFIX_PATH=/home/xiaomi/fishros_src_learn/chart4/chapt4_ws/install/chapt4_interfaces:${AMENT_PREFIX_PATH} CMAKE_PREFIX_PATH=/home/xiaomi/fishros_src_learn/chart4/chapt4_ws/install/chapt4_interfaces LD_LIBRARY_PATH=/home/xiaomi/fishros_src_learn/chart4/chapt4_ws/install/chapt4_interfaces/lib:${LD_LIBRARY_PATH} PYTHONPATH=/home/xiaomi/fishros_src_learn/chart4/chapt4_ws/build/demo_python_service/prefix_override:/usr/lib/python3/dist-packages/colcon_core/task/python/colcon_distutils_commands:/home/xiaomi/fishros_src_learn/chart4/chapt4_ws/install/demo_python_service/lib/python3.10/site-packages:/home/xiaomi/fishros_src_learn/chart4/chapt4_ws/install/chapt4_interfaces/local/lib/python3.10/dist-packages:${PYTHONPATH} /usr/bin/python3 -W ignore:setup.py install is deprecated -W ignore:easy_install command is deprecated setup.py egg_info --egg-base ../../build/demo_python_service build --build-base /home/xiaomi/fishros_src_learn/chart4/chapt4_ws/build/demo_python_service/build install --record /home/xiaomi/fishros_src_learn/chart4/chapt4_ws/build/demo_python_service/install.log --single-version-externally-managed install_data
[8.213s] Level 1:colcon.colcon_core.environment:checking '/home/xiaomi/fishros_src_learn/chart4/chapt4_ws/install/demo_python_service' for CMake config files
[8.214s] Level 1:colcon.colcon_core.environment:checking '/home/xiaomi/fishros_src_learn/chart4/chapt4_ws/install/demo_python_service/lib'
[8.214s] Level 1:colcon.colcon_core.environment:checking '/home/xiaomi/fishros_src_learn/chart4/chapt4_ws/install/demo_python_service/bin'
[8.214s] Level 1:colcon.colcon_core.environment:checking '/home/xiaomi/fishros_src_learn/chart4/chapt4_ws/install/demo_python_service/lib/pkgconfig/demo_python_service.pc'
[8.214s] Level 1:colcon.colcon_core.environment:checking '/home/xiaomi/fishros_src_learn/chart4/chapt4_ws/install/demo_python_service/lib/python3.10/site-packages'
[8.214s] Level 1:colcon.colcon_core.shell:create_environment_hook('demo_python_service', 'pythonpath')
[8.214s] INFO:colcon.colcon_core.shell:Creating environment hook '/home/xiaomi/fishros_src_learn/chart4/chapt4_ws/install/demo_python_service/share/demo_python_service/hook/pythonpath.ps1'
[8.215s] INFO:colcon.colcon_core.shell:Creating environment descriptor '/home/xiaomi/fishros_src_learn/chart4/chapt4_ws/install/demo_python_service/share/demo_python_service/hook/pythonpath.dsv'
[8.215s] INFO:colcon.colcon_core.shell:Creating environment hook '/home/xiaomi/fishros_src_learn/chart4/chapt4_ws/install/demo_python_service/share/demo_python_service/hook/pythonpath.sh'
[8.216s] Level 1:colcon.colcon_core.environment:checking '/home/xiaomi/fishros_src_learn/chart4/chapt4_ws/install/demo_python_service/bin'
[8.216s] Level 1:colcon.colcon_core.environment:create_environment_scripts_only(demo_python_service)
[8.216s] INFO:colcon.colcon_core.shell:Creating package script '/home/xiaomi/fishros_src_learn/chart4/chapt4_ws/install/demo_python_service/share/demo_python_service/package.ps1'
[8.217s] INFO:colcon.colcon_core.shell:Creating package descriptor '/home/xiaomi/fishros_src_learn/chart4/chapt4_ws/install/demo_python_service/share/demo_python_service/package.dsv'
[8.217s] INFO:colcon.colcon_core.shell:Creating package script '/home/xiaomi/fishros_src_learn/chart4/chapt4_ws/install/demo_python_service/share/demo_python_service/package.sh'
[8.218s] INFO:colcon.colcon_core.shell:Creating package script '/home/xiaomi/fishros_src_learn/chart4/chapt4_ws/install/demo_python_service/share/demo_python_service/package.bash'
[8.218s] INFO:colcon.colcon_core.shell:Creating package script '/home/xiaomi/fishros_src_learn/chart4/chapt4_ws/install/demo_python_service/share/demo_python_service/package.zsh'
[8.219s] Level 1:colcon.colcon_core.environment:create_file_with_runtime_dependencies(/home/xiaomi/fishros_src_learn/chart4/chapt4_ws/install/demo_python_service/share/colcon-core/packages/demo_python_service)
[8.523s] DEBUG:colcon.colcon_core.event_handler.log_command:Invoked command in '/home/xiaomi/fishros_src_learn/chart4/chapt4_ws/build/demo_cpp_service' returned '0': AMENT_PREFIX_PATH=/home/xiaomi/fishros_src_learn/chart4/chapt4_ws/install/chapt4_interfaces:${AMENT_PREFIX_PATH} CMAKE_PREFIX_PATH=/home/xiaomi/fishros_src_learn/chart4/chapt4_ws/install/chapt4_interfaces:/opt/ros/humble LD_LIBRARY_PATH=/home/xiaomi/fishros_src_learn/chart4/chapt4_ws/install/chapt4_interfaces/lib:${LD_LIBRARY_PATH} PYTHONPATH=/home/xiaomi/fishros_src_learn/chart4/chapt4_ws/install/chapt4_interfaces/local/lib/python3.10/dist-packages:${PYTHONPATH} /usr/bin/cmake /home/xiaomi/fishros_src_learn/chart4/chapt4_ws/src/demo_cpp_service -DCMAKE_INSTALL_PREFIX=/home/xiaomi/fishros_src_learn/chart4/chapt4_ws/install/demo_cpp_service
[8.526s] DEBUG:colcon.colcon_core.event_handler.log_command:Invoking command in '/home/xiaomi/fishros_src_learn/chart4/chapt4_ws/build/demo_cpp_service': AMENT_PREFIX_PATH=/home/xiaomi/fishros_src_learn/chart4/chapt4_ws/install/chapt4_interfaces:${AMENT_PREFIX_PATH} CMAKE_PREFIX_PATH=/home/xiaomi/fishros_src_learn/chart4/chapt4_ws/install/chapt4_interfaces:/opt/ros/humble LD_LIBRARY_PATH=/home/xiaomi/fishros_src_learn/chart4/chapt4_ws/install/chapt4_interfaces/lib:${LD_LIBRARY_PATH} PYTHONPATH=/home/xiaomi/fishros_src_learn/chart4/chapt4_ws/install/chapt4_interfaces/local/lib/python3.10/dist-packages:${PYTHONPATH} /usr/bin/cmake --build /home/xiaomi/fishros_src_learn/chart4/chapt4_ws/build/demo_cpp_service -- -j16 -l16
[19.572s] DEBUG:colcon.colcon_core.event_handler.log_command:Invoked command in '/home/xiaomi/fishros_src_learn/chart4/chapt4_ws/build/demo_cpp_service' returned '0': AMENT_PREFIX_PATH=/home/xiaomi/fishros_src_learn/chart4/chapt4_ws/install/chapt4_interfaces:${AMENT_PREFIX_PATH} CMAKE_PREFIX_PATH=/home/xiaomi/fishros_src_learn/chart4/chapt4_ws/install/chapt4_interfaces:/opt/ros/humble LD_LIBRARY_PATH=/home/xiaomi/fishros_src_learn/chart4/chapt4_ws/install/chapt4_interfaces/lib:${LD_LIBRARY_PATH} PYTHONPATH=/home/xiaomi/fishros_src_learn/chart4/chapt4_ws/install/chapt4_interfaces/local/lib/python3.10/dist-packages:${PYTHONPATH} /usr/bin/cmake --build /home/xiaomi/fishros_src_learn/chart4/chapt4_ws/build/demo_cpp_service -- -j16 -l16
[19.574s] DEBUG:colcon.colcon_core.event_handler.log_command:Invoking command in '/home/xiaomi/fishros_src_learn/chart4/chapt4_ws/build/demo_cpp_service': AMENT_PREFIX_PATH=/home/xiaomi/fishros_src_learn/chart4/chapt4_ws/install/chapt4_interfaces:${AMENT_PREFIX_PATH} CMAKE_PREFIX_PATH=/home/xiaomi/fishros_src_learn/chart4/chapt4_ws/install/chapt4_interfaces:/opt/ros/humble LD_LIBRARY_PATH=/home/xiaomi/fishros_src_learn/chart4/chapt4_ws/install/chapt4_interfaces/lib:${LD_LIBRARY_PATH} PYTHONPATH=/home/xiaomi/fishros_src_learn/chart4/chapt4_ws/install/chapt4_interfaces/local/lib/python3.10/dist-packages:${PYTHONPATH} /usr/bin/cmake --install /home/xiaomi/fishros_src_learn/chart4/chapt4_ws/build/demo_cpp_service
[19.595s] Level 1:colcon.colcon_core.environment:create_environment_scripts_only(demo_cpp_service)
[19.596s] Level 1:colcon.colcon_core.environment:checking '/home/xiaomi/fishros_src_learn/chart4/chapt4_ws/install/demo_cpp_service' for CMake module files
[19.596s] DEBUG:colcon.colcon_core.event_handler.log_command:Invoked command in '/home/xiaomi/fishros_src_learn/chart4/chapt4_ws/build/demo_cpp_service' returned '0': AMENT_PREFIX_PATH=/home/xiaomi/fishros_src_learn/chart4/chapt4_ws/install/chapt4_interfaces:${AMENT_PREFIX_PATH} CMAKE_PREFIX_PATH=/home/xiaomi/fishros_src_learn/chart4/chapt4_ws/install/chapt4_interfaces:/opt/ros/humble LD_LIBRARY_PATH=/home/xiaomi/fishros_src_learn/chart4/chapt4_ws/install/chapt4_interfaces/lib:${LD_LIBRARY_PATH} PYTHONPATH=/home/xiaomi/fishros_src_learn/chart4/chapt4_ws/install/chapt4_interfaces/local/lib/python3.10/dist-packages:${PYTHONPATH} /usr/bin/cmake --install /home/xiaomi/fishros_src_learn/chart4/chapt4_ws/build/demo_cpp_service
[19.597s] Level 1:colcon.colcon_core.environment:checking '/home/xiaomi/fishros_src_learn/chart4/chapt4_ws/install/demo_cpp_service' for CMake config files
[19.597s] Level 1:colcon.colcon_core.shell:create_environment_hook('demo_cpp_service', 'cmake_prefix_path')
[19.597s] INFO:colcon.colcon_core.shell:Creating environment hook '/home/xiaomi/fishros_src_learn/chart4/chapt4_ws/install/demo_cpp_service/share/demo_cpp_service/hook/cmake_prefix_path.ps1'
[19.597s] INFO:colcon.colcon_core.shell:Creating environment descriptor '/home/xiaomi/fishros_src_learn/chart4/chapt4_ws/install/demo_cpp_service/share/demo_cpp_service/hook/cmake_prefix_path.dsv'
[19.598s] INFO:colcon.colcon_core.shell:Creating environment hook '/home/xiaomi/fishros_src_learn/chart4/chapt4_ws/install/demo_cpp_service/share/demo_cpp_service/hook/cmake_prefix_path.sh'
[19.598s] Level 1:colcon.colcon_core.environment:checking '/home/xiaomi/fishros_src_learn/chart4/chapt4_ws/install/demo_cpp_service/lib'
[19.598s] Level 1:colcon.colcon_core.environment:checking '/home/xiaomi/fishros_src_learn/chart4/chapt4_ws/install/demo_cpp_service/bin'
[19.598s] Level 1:colcon.colcon_core.environment:checking '/home/xiaomi/fishros_src_learn/chart4/chapt4_ws/install/demo_cpp_service/lib/pkgconfig/demo_cpp_service.pc'
[19.599s] Level 1:colcon.colcon_core.environment:checking '/home/xiaomi/fishros_src_learn/chart4/chapt4_ws/install/demo_cpp_service/lib/python3.10/site-packages'
[19.599s] Level 1:colcon.colcon_core.environment:checking '/home/xiaomi/fishros_src_learn/chart4/chapt4_ws/install/demo_cpp_service/bin'
[19.599s] INFO:colcon.colcon_core.shell:Creating package script '/home/xiaomi/fishros_src_learn/chart4/chapt4_ws/install/demo_cpp_service/share/demo_cpp_service/package.ps1'
[19.599s] INFO:colcon.colcon_core.shell:Creating package descriptor '/home/xiaomi/fishros_src_learn/chart4/chapt4_ws/install/demo_cpp_service/share/demo_cpp_service/package.dsv'
[19.600s] INFO:colcon.colcon_core.shell:Creating package script '/home/xiaomi/fishros_src_learn/chart4/chapt4_ws/install/demo_cpp_service/share/demo_cpp_service/package.sh'
[19.600s] INFO:colcon.colcon_core.shell:Creating package script '/home/xiaomi/fishros_src_learn/chart4/chapt4_ws/install/demo_cpp_service/share/demo_cpp_service/package.bash'
[19.600s] INFO:colcon.colcon_core.shell:Creating package script '/home/xiaomi/fishros_src_learn/chart4/chapt4_ws/install/demo_cpp_service/share/demo_cpp_service/package.zsh'
[19.601s] Level 1:colcon.colcon_core.environment:create_file_with_runtime_dependencies(/home/xiaomi/fishros_src_learn/chart4/chapt4_ws/install/demo_cpp_service/share/colcon-core/packages/demo_cpp_service)
[19.601s] Level 1:colcon.colcon_core.environment:create_environment_scripts_only(demo_cpp_service)
[19.601s] Level 1:colcon.colcon_core.environment:checking '/home/xiaomi/fishros_src_learn/chart4/chapt4_ws/install/demo_cpp_service' for CMake module files
[19.602s] Level 1:colcon.colcon_core.environment:checking '/home/xiaomi/fishros_src_learn/chart4/chapt4_ws/install/demo_cpp_service' for CMake config files
[19.602s] Level 1:colcon.colcon_core.shell:create_environment_hook('demo_cpp_service', 'cmake_prefix_path')
[19.602s] INFO:colcon.colcon_core.shell:Creating environment hook '/home/xiaomi/fishros_src_learn/chart4/chapt4_ws/install/demo_cpp_service/share/demo_cpp_service/hook/cmake_prefix_path.ps1'
[19.602s] INFO:colcon.colcon_core.shell:Creating environment descriptor '/home/xiaomi/fishros_src_learn/chart4/chapt4_ws/install/demo_cpp_service/share/demo_cpp_service/hook/cmake_prefix_path.dsv'
[19.603s] INFO:colcon.colcon_core.shell:Creating environment hook '/home/xiaomi/fishros_src_learn/chart4/chapt4_ws/install/demo_cpp_service/share/demo_cpp_service/hook/cmake_prefix_path.sh'
[19.603s] Level 1:colcon.colcon_core.environment:checking '/home/xiaomi/fishros_src_learn/chart4/chapt4_ws/install/demo_cpp_service/lib'
[19.603s] Level 1:colcon.colcon_core.environment:checking '/home/xiaomi/fishros_src_learn/chart4/chapt4_ws/install/demo_cpp_service/bin'
[19.604s] Level 1:colcon.colcon_core.environment:checking '/home/xiaomi/fishros_src_learn/chart4/chapt4_ws/install/demo_cpp_service/lib/pkgconfig/demo_cpp_service.pc'
[19.604s] Level 1:colcon.colcon_core.environment:checking '/home/xiaomi/fishros_src_learn/chart4/chapt4_ws/install/demo_cpp_service/lib/python3.10/site-packages'
[19.604s] Level 1:colcon.colcon_core.environment:checking '/home/xiaomi/fishros_src_learn/chart4/chapt4_ws/install/demo_cpp_service/bin'
[19.604s] INFO:colcon.colcon_core.shell:Creating package script '/home/xiaomi/fishros_src_learn/chart4/chapt4_ws/install/demo_cpp_service/share/demo_cpp_service/package.ps1'
[19.604s] INFO:colcon.colcon_core.shell:Creating package descriptor '/home/xiaomi/fishros_src_learn/chart4/chapt4_ws/install/demo_cpp_service/share/demo_cpp_service/package.dsv'
[19.605s] INFO:colcon.colcon_core.shell:Creating package script '/home/xiaomi/fishros_src_learn/chart4/chapt4_ws/install/demo_cpp_service/share/demo_cpp_service/package.sh'
[19.605s] INFO:colcon.colcon_core.shell:Creating package script '/home/xiaomi/fishros_src_learn/chart4/chapt4_ws/install/demo_cpp_service/share/demo_cpp_service/package.bash'
[19.606s] INFO:colcon.colcon_core.shell:Creating package script '/home/xiaomi/fishros_src_learn/chart4/chapt4_ws/install/demo_cpp_service/share/demo_cpp_service/package.zsh'
[19.606s] Level 1:colcon.colcon_core.environment:create_file_with_runtime_dependencies(/home/xiaomi/fishros_src_learn/chart4/chapt4_ws/install/demo_cpp_service/share/colcon-core/packages/demo_cpp_service)
[19.607s] DEBUG:colcon.colcon_parallel_executor.executor.parallel:closing loop
[19.607s] DEBUG:colcon.colcon_parallel_executor.executor.parallel:loop closed
[19.607s] DEBUG:colcon.colcon_parallel_executor.executor.parallel:run_until_complete finished with '0'
[19.607s] DEBUG:colcon.colcon_core.event_reactor:joining thread
[19.613s] INFO:colcon.colcon_core.plugin_system:Skipping extension 'colcon_notification.desktop_notification.terminal_notifier': Not used on non-Darwin systems
[19.613s] INFO:colcon.colcon_core.plugin_system:Skipping extension 'colcon_notification.desktop_notification.win32': Not used on non-Windows systems
[19.613s] INFO:colcon.colcon_notification.desktop_notification:Sending desktop notification using 'notify2'
[19.638s] DEBUG:colcon.colcon_core.event_reactor:joined thread
[19.639s] INFO:colcon.colcon_core.shell:Creating prefix script '/home/xiaomi/fishros_src_learn/chart4/chapt4_ws/install/local_setup.ps1'
[19.641s] INFO:colcon.colcon_core.shell:Creating prefix util module '/home/xiaomi/fishros_src_learn/chart4/chapt4_ws/install/_local_setup_util_ps1.py'
[19.642s] INFO:colcon.colcon_core.shell:Creating prefix chain script '/home/xiaomi/fishros_src_learn/chart4/chapt4_ws/install/setup.ps1'
[19.643s] INFO:colcon.colcon_core.shell:Creating prefix script '/home/xiaomi/fishros_src_learn/chart4/chapt4_ws/install/local_setup.sh'
[19.644s] INFO:colcon.colcon_core.shell:Creating prefix util module '/home/xiaomi/fishros_src_learn/chart4/chapt4_ws/install/_local_setup_util_sh.py'
[19.645s] INFO:colcon.colcon_core.shell:Creating prefix chain script '/home/xiaomi/fishros_src_learn/chart4/chapt4_ws/install/setup.sh'
[19.646s] INFO:colcon.colcon_core.shell:Creating prefix script '/home/xiaomi/fishros_src_learn/chart4/chapt4_ws/install/local_setup.bash'
[19.647s] INFO:colcon.colcon_core.shell:Creating prefix chain script '/home/xiaomi/fishros_src_learn/chart4/chapt4_ws/install/setup.bash'
[19.648s] INFO:colcon.colcon_core.shell:Creating prefix script '/home/xiaomi/fishros_src_learn/chart4/chapt4_ws/install/local_setup.zsh'
[19.648s] INFO:colcon.colcon_core.shell:Creating prefix chain script '/home/xiaomi/fishros_src_learn/chart4/chapt4_ws/install/setup.zsh'
