[0.919s] Invoking command in '/home/xiaomi/fishros_src_learn/chart4/chapt4_ws/src/demo_python_service': AMENT_PREFIX_PATH=/home/xiaomi/fishros_src_learn/chart4/chapt4_ws/install/chapt4_interfaces:${AMENT_PREFIX_PATH} CMAKE_PREFIX_PATH=/home/xiaomi/fishros_src_learn/chart4/chapt4_ws/install/chapt4_interfaces LD_LIBRARY_PATH=/home/xiaomi/fishros_src_learn/chart4/chapt4_ws/install/chapt4_interfaces/lib:${LD_LIBRARY_PATH} PYTHONPATH=/home/xiaomi/fishros_src_learn/chart4/chapt4_ws/build/demo_python_service/prefix_override:/usr/lib/python3/dist-packages/colcon_core/task/python/colcon_distutils_commands:/home/xiaomi/fishros_src_learn/chart4/chapt4_ws/install/demo_python_service/lib/python3.10/site-packages:/home/xiaomi/fishros_src_learn/chart4/chapt4_ws/install/chapt4_interfaces/local/lib/python3.10/dist-packages:${PYTHONPATH} /usr/bin/python3 -W ignore:setup.py install is deprecated -W ignore:easy_install command is deprecated setup.py egg_info --egg-base ../../build/demo_python_service build --build-base /home/xiaomi/fishros_src_learn/chart4/chapt4_ws/build/demo_python_service/build install --record /home/xiaomi/fishros_src_learn/chart4/chapt4_ws/build/demo_python_service/install.log --single-version-externally-managed install_data
[1.145s] running egg_info
[1.146s] creating ../../build/demo_python_service/demo_python_service.egg-info
[1.146s] writing ../../build/demo_python_service/demo_python_service.egg-info/PKG-INFO
[1.147s] writing dependency_links to ../../build/demo_python_service/demo_python_service.egg-info/dependency_links.txt
[1.147s] writing entry points to ../../build/demo_python_service/demo_python_service.egg-info/entry_points.txt
[1.147s] writing requirements to ../../build/demo_python_service/demo_python_service.egg-info/requires.txt
[1.147s] writing top-level names to ../../build/demo_python_service/demo_python_service.egg-info/top_level.txt
[1.147s] writing manifest file '../../build/demo_python_service/demo_python_service.egg-info/SOURCES.txt'
[1.149s] reading manifest file '../../build/demo_python_service/demo_python_service.egg-info/SOURCES.txt'
[1.149s] adding license file 'LICENSE'
[1.150s] writing manifest file '../../build/demo_python_service/demo_python_service.egg-info/SOURCES.txt'
[1.150s] running build
[1.150s] running build_py
[1.150s] creating /home/xiaomi/fishros_src_learn/chart4/chapt4_ws/build/demo_python_service/build
[1.150s] creating /home/xiaomi/fishros_src_learn/chart4/chapt4_ws/build/demo_python_service/build/lib
[1.151s] creating /home/xiaomi/fishros_src_learn/chart4/chapt4_ws/build/demo_python_service/build/lib/demo_python_service
[1.151s] copying demo_python_service/__init__.py -> /home/xiaomi/fishros_src_learn/chart4/chapt4_ws/build/demo_python_service/build/lib/demo_python_service
[1.151s] copying demo_python_service/face_detect_node.py -> /home/xiaomi/fishros_src_learn/chart4/chapt4_ws/build/demo_python_service/build/lib/demo_python_service
[1.151s] copying demo_python_service/learn_face_detect.py -> /home/xiaomi/fishros_src_learn/chart4/chapt4_ws/build/demo_python_service/build/lib/demo_python_service
[1.151s] copying demo_python_service/face_detect_client_node.py -> /home/xiaomi/fishros_src_learn/chart4/chapt4_ws/build/demo_python_service/build/lib/demo_python_service
[1.151s] running install
[1.151s] running install_lib
[1.152s] creating /home/xiaomi/fishros_src_learn/chart4/chapt4_ws/install/demo_python_service/lib/python3.10/site-packages/demo_python_service
[1.152s] copying /home/xiaomi/fishros_src_learn/chart4/chapt4_ws/build/demo_python_service/build/lib/demo_python_service/__init__.py -> /home/xiaomi/fishros_src_learn/chart4/chapt4_ws/install/demo_python_service/lib/python3.10/site-packages/demo_python_service
[1.152s] copying /home/xiaomi/fishros_src_learn/chart4/chapt4_ws/build/demo_python_service/build/lib/demo_python_service/face_detect_node.py -> /home/xiaomi/fishros_src_learn/chart4/chapt4_ws/install/demo_python_service/lib/python3.10/site-packages/demo_python_service
[1.152s] copying /home/xiaomi/fishros_src_learn/chart4/chapt4_ws/build/demo_python_service/build/lib/demo_python_service/learn_face_detect.py -> /home/xiaomi/fishros_src_learn/chart4/chapt4_ws/install/demo_python_service/lib/python3.10/site-packages/demo_python_service
[1.152s] copying /home/xiaomi/fishros_src_learn/chart4/chapt4_ws/build/demo_python_service/build/lib/demo_python_service/face_detect_client_node.py -> /home/xiaomi/fishros_src_learn/chart4/chapt4_ws/install/demo_python_service/lib/python3.10/site-packages/demo_python_service
[1.153s] byte-compiling /home/xiaomi/fishros_src_learn/chart4/chapt4_ws/install/demo_python_service/lib/python3.10/site-packages/demo_python_service/__init__.py to __init__.cpython-310.pyc
[1.154s] byte-compiling /home/xiaomi/fishros_src_learn/chart4/chapt4_ws/install/demo_python_service/lib/python3.10/site-packages/demo_python_service/face_detect_node.py to face_detect_node.cpython-310.pyc
[1.154s] byte-compiling /home/xiaomi/fishros_src_learn/chart4/chapt4_ws/install/demo_python_service/lib/python3.10/site-packages/demo_python_service/learn_face_detect.py to learn_face_detect.cpython-310.pyc
[1.154s] byte-compiling /home/xiaomi/fishros_src_learn/chart4/chapt4_ws/install/demo_python_service/lib/python3.10/site-packages/demo_python_service/face_detect_client_node.py to face_detect_client_node.cpython-310.pyc
[1.155s] running install_data
[1.155s] creating /home/xiaomi/fishros_src_learn/chart4/chapt4_ws/install/demo_python_service/share/ament_index
[1.155s] creating /home/xiaomi/fishros_src_learn/chart4/chapt4_ws/install/demo_python_service/share/ament_index/resource_index
[1.156s] creating /home/xiaomi/fishros_src_learn/chart4/chapt4_ws/install/demo_python_service/share/ament_index/resource_index/packages
[1.156s] copying resource/demo_python_service -> /home/xiaomi/fishros_src_learn/chart4/chapt4_ws/install/demo_python_service/share/ament_index/resource_index/packages
[1.156s] copying package.xml -> /home/xiaomi/fishros_src_learn/chart4/chapt4_ws/install/demo_python_service/share/demo_python_service
[1.156s] creating /home/xiaomi/fishros_src_learn/chart4/chapt4_ws/install/demo_python_service/share/demo_python_service/resource
[1.156s] copying resource/default.jpg -> /home/xiaomi/fishros_src_learn/chart4/chapt4_ws/install/demo_python_service/share/demo_python_service/resource
[1.156s] copying resource/test1.jpg -> /home/xiaomi/fishros_src_learn/chart4/chapt4_ws/install/demo_python_service/share/demo_python_service/resource
[1.156s] creating /home/xiaomi/fishros_src_learn/chart4/chapt4_ws/install/demo_python_service/share/demo_python_service/launch
[1.157s] copying launch/demo.launch.py -> /home/xiaomi/fishros_src_learn/chart4/chapt4_ws/install/demo_python_service/share/demo_python_service/launch
[1.157s] running install_egg_info
[1.158s] Copying ../../build/demo_python_service/demo_python_service.egg-info to /home/xiaomi/fishros_src_learn/chart4/chapt4_ws/install/demo_python_service/lib/python3.10/site-packages/demo_python_service-0.0.0-py3.10.egg-info
[1.159s] running install_scripts
[1.179s] Installing face_detect_client_node script to /home/xiaomi/fishros_src_learn/chart4/chapt4_ws/install/demo_python_service/lib/demo_python_service
[1.179s] Installing face_detect_node script to /home/xiaomi/fishros_src_learn/chart4/chapt4_ws/install/demo_python_service/lib/demo_python_service
[1.180s] Installing learn_face_detect script to /home/xiaomi/fishros_src_learn/chart4/chapt4_ws/install/demo_python_service/lib/demo_python_service
[1.180s] writing list of installed files to '/home/xiaomi/fishros_src_learn/chart4/chapt4_ws/build/demo_python_service/install.log'
[1.218s] Invoked command in '/home/xiaomi/fishros_src_learn/chart4/chapt4_ws/src/demo_python_service' returned '0': AMENT_PREFIX_PATH=/home/xiaomi/fishros_src_learn/chart4/chapt4_ws/install/chapt4_interfaces:${AMENT_PREFIX_PATH} CMAKE_PREFIX_PATH=/home/xiaomi/fishros_src_learn/chart4/chapt4_ws/install/chapt4_interfaces LD_LIBRARY_PATH=/home/xiaomi/fishros_src_learn/chart4/chapt4_ws/install/chapt4_interfaces/lib:${LD_LIBRARY_PATH} PYTHONPATH=/home/xiaomi/fishros_src_learn/chart4/chapt4_ws/build/demo_python_service/prefix_override:/usr/lib/python3/dist-packages/colcon_core/task/python/colcon_distutils_commands:/home/xiaomi/fishros_src_learn/chart4/chapt4_ws/install/demo_python_service/lib/python3.10/site-packages:/home/xiaomi/fishros_src_learn/chart4/chapt4_ws/install/chapt4_interfaces/local/lib/python3.10/dist-packages:${PYTHONPATH} /usr/bin/python3 -W ignore:setup.py install is deprecated -W ignore:easy_install command is deprecated setup.py egg_info --egg-base ../../build/demo_python_service build --build-base /home/xiaomi/fishros_src_learn/chart4/chapt4_ws/build/demo_python_service/build install --record /home/xiaomi/fishros_src_learn/chart4/chapt4_ws/build/demo_python_service/install.log --single-version-externally-managed install_data
