[0.627s] Invoking command in '/home/xiaomi/chart2/chapt2_ws/src/demo_python_pkg': PYTHONPATH=/home/xiaomi/chart2/chapt2_ws/src/build/demo_python_pkg/prefix_override:/usr/lib/python3/dist-packages/colcon_core/task/python/colcon_distutils_commands:/home/xiaomi/chart2/chapt2_ws/src/install/demo_python_pkg/lib/python3.10/site-packages:${PYTHONPATH} /usr/bin/python3 -W ignore:setup.py install is deprecated -W ignore:easy_install command is deprecated setup.py egg_info --egg-base ../build/demo_python_pkg build --build-base /home/xiaomi/chart2/chapt2_ws/src/build/demo_python_pkg/build install --record /home/xiaomi/chart2/chapt2_ws/src/build/demo_python_pkg/install.log --single-version-externally-managed install_data
[0.842s] running egg_info
[0.842s] writing ../build/demo_python_pkg/demo_python_pkg.egg-info/PKG-INFO
[0.843s] writing dependency_links to ../build/demo_python_pkg/demo_python_pkg.egg-info/dependency_links.txt
[0.843s] writing entry points to ../build/demo_python_pkg/demo_python_pkg.egg-info/entry_points.txt
[0.844s] writing requirements to ../build/demo_python_pkg/demo_python_pkg.egg-info/requires.txt
[0.844s] writing top-level names to ../build/demo_python_pkg/demo_python_pkg.egg-info/top_level.txt
[0.847s] reading manifest file '../build/demo_python_pkg/demo_python_pkg.egg-info/SOURCES.txt'
[0.856s] adding license file 'LICENSE'
[0.857s] writing manifest file '../build/demo_python_pkg/demo_python_pkg.egg-info/SOURCES.txt'
[0.857s] running build
[0.857s] running build_py
[0.857s] copying demo_python_pkg/writer_node.py -> /home/xiaomi/chart2/chapt2_ws/src/build/demo_python_pkg/build/lib/demo_python_pkg
[0.858s] copying demo_python_pkg/python_node.py -> /home/xiaomi/chart2/chapt2_ws/src/build/demo_python_pkg/build/lib/demo_python_pkg
[0.858s] copying demo_python_pkg/person_node.py -> /home/xiaomi/chart2/chapt2_ws/src/build/demo_python_pkg/build/lib/demo_python_pkg
[0.858s] running install
[0.859s] running install_lib
[0.859s] copying /home/xiaomi/chart2/chapt2_ws/src/build/demo_python_pkg/build/lib/demo_python_pkg/writer_node.py -> /home/xiaomi/chart2/chapt2_ws/src/install/demo_python_pkg/lib/python3.10/site-packages/demo_python_pkg
[0.860s] copying /home/xiaomi/chart2/chapt2_ws/src/build/demo_python_pkg/build/lib/demo_python_pkg/python_node.py -> /home/xiaomi/chart2/chapt2_ws/src/install/demo_python_pkg/lib/python3.10/site-packages/demo_python_pkg
[0.860s] copying /home/xiaomi/chart2/chapt2_ws/src/build/demo_python_pkg/build/lib/demo_python_pkg/person_node.py -> /home/xiaomi/chart2/chapt2_ws/src/install/demo_python_pkg/lib/python3.10/site-packages/demo_python_pkg
[0.861s] byte-compiling /home/xiaomi/chart2/chapt2_ws/src/install/demo_python_pkg/lib/python3.10/site-packages/demo_python_pkg/writer_node.py to writer_node.cpython-310.pyc
[0.861s] byte-compiling /home/xiaomi/chart2/chapt2_ws/src/install/demo_python_pkg/lib/python3.10/site-packages/demo_python_pkg/python_node.py to python_node.cpython-310.pyc
[0.862s] byte-compiling /home/xiaomi/chart2/chapt2_ws/src/install/demo_python_pkg/lib/python3.10/site-packages/demo_python_pkg/person_node.py to person_node.cpython-310.pyc
[0.862s] running install_data
[0.862s] running install_egg_info
[0.864s] removing '/home/xiaomi/chart2/chapt2_ws/src/install/demo_python_pkg/lib/python3.10/site-packages/demo_python_pkg-0.0.0-py3.10.egg-info' (and everything under it)
[0.865s] Copying ../build/demo_python_pkg/demo_python_pkg.egg-info to /home/xiaomi/chart2/chapt2_ws/src/install/demo_python_pkg/lib/python3.10/site-packages/demo_python_pkg-0.0.0-py3.10.egg-info
[0.867s] running install_scripts
[0.887s] Installing person_node script to /home/xiaomi/chart2/chapt2_ws/src/install/demo_python_pkg/lib/demo_python_pkg
[0.887s] Installing py_node script to /home/xiaomi/chart2/chapt2_ws/src/install/demo_python_pkg/lib/demo_python_pkg
[0.888s] Installing writer_node script to /home/xiaomi/chart2/chapt2_ws/src/install/demo_python_pkg/lib/demo_python_pkg
[0.888s] writing list of installed files to '/home/xiaomi/chart2/chapt2_ws/src/build/demo_python_pkg/install.log'
[0.909s] Invoked command in '/home/xiaomi/chart2/chapt2_ws/src/demo_python_pkg' returned '0': PYTHONPATH=/home/xiaomi/chart2/chapt2_ws/src/build/demo_python_pkg/prefix_override:/usr/lib/python3/dist-packages/colcon_core/task/python/colcon_distutils_commands:/home/xiaomi/chart2/chapt2_ws/src/install/demo_python_pkg/lib/python3.10/site-packages:${PYTHONPATH} /usr/bin/python3 -W ignore:setup.py install is deprecated -W ignore:easy_install command is deprecated setup.py egg_info --egg-base ../build/demo_python_pkg build --build-base /home/xiaomi/chart2/chapt2_ws/src/build/demo_python_pkg/build install --record /home/xiaomi/chart2/chapt2_ws/src/build/demo_python_pkg/install.log --single-version-externally-managed install_data
