[0.021s] Invoking command in '/home/xiaomi/fishros_src_learn/chart4/chapt4_ws/build/demo_cpp_service': AMENT_PREFIX_PATH=/home/xiaomi/fishros_src_learn/chart4/chapt4_ws/install/chapt4_interfaces:${AMENT_PREFIX_PATH} CMAKE_PREFIX_PATH=/home/xiaomi/fishros_src_learn/chart4/chapt4_ws/install/chapt4_interfaces:/opt/ros/humble LD_LIBRARY_PATH=/home/xiaomi/fishros_src_learn/chart4/chapt4_ws/install/chapt4_interfaces/lib:${LD_LIBRARY_PATH} PYTHONPATH=/home/xiaomi/fishros_src_learn/chart4/chapt4_ws/install/chapt4_interfaces/local/lib/python3.10/dist-packages:${PYTHONPATH} /usr/bin/cmake /home/xiaomi/fishros_src_learn/chart4/chapt4_ws/src/demo_cpp_service -DCMAKE_INSTALL_PREFIX=/home/xiaomi/fishros_src_learn/chart4/chapt4_ws/install/demo_cpp_service
[0.093s] -- The C compiler identification is GNU 11.4.0
[0.168s] -- The CXX compiler identification is GNU 11.4.0
[0.177s] -- Detecting C compiler ABI info
[0.269s] -- Detecting C compiler ABI info - done
[0.276s] -- Check for working C compiler: /usr/bin/cc - skipped
[0.277s] -- Detecting C compile features
[0.277s] -- Detecting C compile features - done
[0.280s] -- Detecting CXX compiler ABI info
[0.387s] -- Detecting CXX compiler ABI info - done
[0.398s] -- Check for working CXX compiler: /usr/bin/c++ - skipped
[0.398s] -- Detecting CXX compile features
[0.398s] -- Detecting CXX compile features - done
[0.402s] -- Found ament_cmake: 1.3.11 (/opt/ros/humble/share/ament_cmake/cmake)
[0.571s] -- Found Python3: /usr/bin/python3 (found version "3.10.12") found components: Interpreter 
[0.668s] -- Found chapt4_interfaces: 0.0.0 (/home/xiaomi/fishros_src_learn/chart4/chapt4_ws/install/chapt4_interfaces/share/chapt4_interfaces/cmake)
[0.704s] -- Found rosidl_generator_c: 3.1.6 (/opt/ros/humble/share/rosidl_generator_c/cmake)
[0.709s] -- Found rosidl_adapter: 3.1.6 (/opt/ros/humble/share/rosidl_adapter/cmake)
[0.718s] -- Found rosidl_generator_cpp: 3.1.6 (/opt/ros/humble/share/rosidl_generator_cpp/cmake)
[0.731s] -- Using all available rosidl_typesupport_c: rosidl_typesupport_fastrtps_c;rosidl_typesupport_introspection_c
[0.747s] -- Using all available rosidl_typesupport_cpp: rosidl_typesupport_fastrtps_cpp;rosidl_typesupport_introspection_cpp
[0.818s] -- Found rclcpp: 16.0.11 (/opt/ros/humble/share/rclcpp/cmake)
[0.885s] -- Found rmw_implementation_cmake: 6.1.2 (/opt/ros/humble/share/rmw_implementation_cmake/cmake)
[0.890s] -- Found rmw_fastrtps_cpp: 6.2.7 (/opt/ros/humble/share/rmw_fastrtps_cpp/cmake)
[1.022s] -- Found OpenSSL: /usr/lib/x86_64-linux-gnu/libcrypto.so (found version "3.0.2")  
[1.053s] -- Found FastRTPS: /opt/ros/humble/include  
[1.095s] -- Using RMW implementation 'rmw_fastrtps_cpp' as default
[1.111s] -- Looking for pthread.h
[1.193s] -- Looking for pthread.h - found
[1.193s] -- Performing Test CMAKE_HAVE_LIBC_PTHREAD
[1.288s] -- Performing Test CMAKE_HAVE_LIBC_PTHREAD - Success
[1.289s] -- Found Threads: TRUE  
[1.357s] -- Found turtlesim: 1.4.2 (/opt/ros/humble/share/turtlesim/cmake)
[1.420s] -- Found ament_lint_auto: 0.12.11 (/opt/ros/humble/share/ament_lint_auto/cmake)
[1.492s] -- Added test 'cppcheck' to perform static code analysis on C / C++ code
[1.493s] -- Configured cppcheck include dirs: 
[1.493s] -- Configured cppcheck exclude dirs and/or files: 
[1.493s] -- Added test 'flake8' to check Python code syntax and style conventions
[1.494s] -- Added test 'lint_cmake' to check CMake code style
[1.494s] -- Added test 'pep257' to check Python code against some of the docstring style conventions in PEP 257
[1.495s] -- Added test 'uncrustify' to check C / C++ code style
[1.495s] -- Configured uncrustify additional arguments: 
[1.496s] -- Added test 'xmllint' to check XML markup files
[1.497s] -- Configuring done
[1.515s] -- Generating done
[1.521s] -- Build files have been written to: /home/xiaomi/fishros_src_learn/chart4/chapt4_ws/build/demo_cpp_service
[1.533s] Invoked command in '/home/xiaomi/fishros_src_learn/chart4/chapt4_ws/build/demo_cpp_service' returned '0': AMENT_PREFIX_PATH=/home/xiaomi/fishros_src_learn/chart4/chapt4_ws/install/chapt4_interfaces:${AMENT_PREFIX_PATH} CMAKE_PREFIX_PATH=/home/xiaomi/fishros_src_learn/chart4/chapt4_ws/install/chapt4_interfaces:/opt/ros/humble LD_LIBRARY_PATH=/home/xiaomi/fishros_src_learn/chart4/chapt4_ws/install/chapt4_interfaces/lib:${LD_LIBRARY_PATH} PYTHONPATH=/home/xiaomi/fishros_src_learn/chart4/chapt4_ws/install/chapt4_interfaces/local/lib/python3.10/dist-packages:${PYTHONPATH} /usr/bin/cmake /home/xiaomi/fishros_src_learn/chart4/chapt4_ws/src/demo_cpp_service -DCMAKE_INSTALL_PREFIX=/home/xiaomi/fishros_src_learn/chart4/chapt4_ws/install/demo_cpp_service
[1.535s] Invoking command in '/home/xiaomi/fishros_src_learn/chart4/chapt4_ws/build/demo_cpp_service': AMENT_PREFIX_PATH=/home/xiaomi/fishros_src_learn/chart4/chapt4_ws/install/chapt4_interfaces:${AMENT_PREFIX_PATH} CMAKE_PREFIX_PATH=/home/xiaomi/fishros_src_learn/chart4/chapt4_ws/install/chapt4_interfaces:/opt/ros/humble LD_LIBRARY_PATH=/home/xiaomi/fishros_src_learn/chart4/chapt4_ws/install/chapt4_interfaces/lib:${LD_LIBRARY_PATH} PYTHONPATH=/home/xiaomi/fishros_src_learn/chart4/chapt4_ws/install/chapt4_interfaces/local/lib/python3.10/dist-packages:${PYTHONPATH} /usr/bin/cmake --build /home/xiaomi/fishros_src_learn/chart4/chapt4_ws/build/demo_cpp_service -- -j16 -l16
[1.593s] [ 50%] [32mBuilding CXX object CMakeFiles/turtle_control.dir/src/turtle_control.cpp.o[0m
[1.593s] [ 50%] [32mBuilding CXX object CMakeFiles/patrol_client.dir/src/patrol_client.cpp.o[0m
[7.934s] [ 75%] [32m[1mLinking CXX executable patrol_client[0m
[8.194s] [ 75%] Built target patrol_client
[12.143s] [100%] [32m[1mLinking CXX executable turtle_control[0m
[12.568s] [100%] Built target turtle_control
[12.582s] Invoked command in '/home/xiaomi/fishros_src_learn/chart4/chapt4_ws/build/demo_cpp_service' returned '0': AMENT_PREFIX_PATH=/home/xiaomi/fishros_src_learn/chart4/chapt4_ws/install/chapt4_interfaces:${AMENT_PREFIX_PATH} CMAKE_PREFIX_PATH=/home/xiaomi/fishros_src_learn/chart4/chapt4_ws/install/chapt4_interfaces:/opt/ros/humble LD_LIBRARY_PATH=/home/xiaomi/fishros_src_learn/chart4/chapt4_ws/install/chapt4_interfaces/lib:${LD_LIBRARY_PATH} PYTHONPATH=/home/xiaomi/fishros_src_learn/chart4/chapt4_ws/install/chapt4_interfaces/local/lib/python3.10/dist-packages:${PYTHONPATH} /usr/bin/cmake --build /home/xiaomi/fishros_src_learn/chart4/chapt4_ws/build/demo_cpp_service -- -j16 -l16
[12.584s] Invoking command in '/home/xiaomi/fishros_src_learn/chart4/chapt4_ws/build/demo_cpp_service': AMENT_PREFIX_PATH=/home/xiaomi/fishros_src_learn/chart4/chapt4_ws/install/chapt4_interfaces:${AMENT_PREFIX_PATH} CMAKE_PREFIX_PATH=/home/xiaomi/fishros_src_learn/chart4/chapt4_ws/install/chapt4_interfaces:/opt/ros/humble LD_LIBRARY_PATH=/home/xiaomi/fishros_src_learn/chart4/chapt4_ws/install/chapt4_interfaces/lib:${LD_LIBRARY_PATH} PYTHONPATH=/home/xiaomi/fishros_src_learn/chart4/chapt4_ws/install/chapt4_interfaces/local/lib/python3.10/dist-packages:${PYTHONPATH} /usr/bin/cmake --install /home/xiaomi/fishros_src_learn/chart4/chapt4_ws/build/demo_cpp_service
[12.592s] -- Install configuration: ""
[12.592s] -- Installing: /home/xiaomi/fishros_src_learn/chart4/chapt4_ws/install/demo_cpp_service/lib/demo_cpp_service/turtle_control
[12.597s] -- Set runtime path of "/home/xiaomi/fishros_src_learn/chart4/chapt4_ws/install/demo_cpp_service/lib/demo_cpp_service/turtle_control" to ""
[12.597s] -- Installing: /home/xiaomi/fishros_src_learn/chart4/chapt4_ws/install/demo_cpp_service/lib/demo_cpp_service/patrol_client
[12.599s] -- Set runtime path of "/home/xiaomi/fishros_src_learn/chart4/chapt4_ws/install/demo_cpp_service/lib/demo_cpp_service/patrol_client" to ""
[12.599s] -- Installing: /home/xiaomi/fishros_src_learn/chart4/chapt4_ws/install/demo_cpp_service/share/demo_cpp_service/launch
[12.599s] -- Installing: /home/xiaomi/fishros_src_learn/chart4/chapt4_ws/install/demo_cpp_service/share/demo_cpp_service/launch/demo.launch.py
[12.599s] -- Installing: /home/xiaomi/fishros_src_learn/chart4/chapt4_ws/install/demo_cpp_service/share/ament_index/resource_index/package_run_dependencies/demo_cpp_service
[12.599s] -- Installing: /home/xiaomi/fishros_src_learn/chart4/chapt4_ws/install/demo_cpp_service/share/ament_index/resource_index/parent_prefix_path/demo_cpp_service
[12.600s] -- Installing: /home/xiaomi/fishros_src_learn/chart4/chapt4_ws/install/demo_cpp_service/share/demo_cpp_service/environment/ament_prefix_path.sh
[12.600s] -- Installing: /home/xiaomi/fishros_src_learn/chart4/chapt4_ws/install/demo_cpp_service/share/demo_cpp_service/environment/ament_prefix_path.dsv
[12.600s] -- Installing: /home/xiaomi/fishros_src_learn/chart4/chapt4_ws/install/demo_cpp_service/share/demo_cpp_service/environment/path.sh
[12.601s] -- Installing: /home/xiaomi/fishros_src_learn/chart4/chapt4_ws/install/demo_cpp_service/share/demo_cpp_service/environment/path.dsv
[12.601s] -- Installing: /home/xiaomi/fishros_src_learn/chart4/chapt4_ws/install/demo_cpp_service/share/demo_cpp_service/local_setup.bash
[12.601s] -- Installing: /home/xiaomi/fishros_src_learn/chart4/chapt4_ws/install/demo_cpp_service/share/demo_cpp_service/local_setup.sh
[12.601s] -- Installing: /home/xiaomi/fishros_src_learn/chart4/chapt4_ws/install/demo_cpp_service/share/demo_cpp_service/local_setup.zsh
[12.601s] -- Installing: /home/xiaomi/fishros_src_learn/chart4/chapt4_ws/install/demo_cpp_service/share/demo_cpp_service/local_setup.dsv
[12.602s] -- Installing: /home/xiaomi/fishros_src_learn/chart4/chapt4_ws/install/demo_cpp_service/share/demo_cpp_service/package.dsv
[12.602s] -- Installing: /home/xiaomi/fishros_src_learn/chart4/chapt4_ws/install/demo_cpp_service/share/ament_index/resource_index/packages/demo_cpp_service
[12.602s] -- Installing: /home/xiaomi/fishros_src_learn/chart4/chapt4_ws/install/demo_cpp_service/share/demo_cpp_service/cmake/demo_cpp_serviceConfig.cmake
[12.602s] -- Installing: /home/xiaomi/fishros_src_learn/chart4/chapt4_ws/install/demo_cpp_service/share/demo_cpp_service/cmake/demo_cpp_serviceConfig-version.cmake
[12.602s] -- Installing: /home/xiaomi/fishros_src_learn/chart4/chapt4_ws/install/demo_cpp_service/share/demo_cpp_service/package.xml
[12.606s] Invoked command in '/home/xiaomi/fishros_src_learn/chart4/chapt4_ws/build/demo_cpp_service' returned '0': AMENT_PREFIX_PATH=/home/xiaomi/fishros_src_learn/chart4/chapt4_ws/install/chapt4_interfaces:${AMENT_PREFIX_PATH} CMAKE_PREFIX_PATH=/home/xiaomi/fishros_src_learn/chart4/chapt4_ws/install/chapt4_interfaces:/opt/ros/humble LD_LIBRARY_PATH=/home/xiaomi/fishros_src_learn/chart4/chapt4_ws/install/chapt4_interfaces/lib:${LD_LIBRARY_PATH} PYTHONPATH=/home/xiaomi/fishros_src_learn/chart4/chapt4_ws/install/chapt4_interfaces/local/lib/python3.10/dist-packages:${PYTHONPATH} /usr/bin/cmake --install /home/xiaomi/fishros_src_learn/chart4/chapt4_ws/build/demo_cpp_service
