[0.883s] Invoking command in '/home/xiaomi/chart3/topic_ws/src/demo_python_topic': PYTHONPATH=/home/xiaomi/chart3/topic_ws/build/demo_python_topic/prefix_override:/usr/lib/python3/dist-packages/colcon_core/task/python/colcon_distutils_commands:/home/xiaomi/chart3/topic_ws/install/demo_python_topic/lib/python3.10/site-packages:${PYTHONPATH} /usr/bin/python3 -W ignore:setup.py install is deprecated -W ignore:easy_install command is deprecated setup.py egg_info --egg-base ../../build/demo_python_topic build --build-base /home/xiaomi/chart3/topic_ws/build/demo_python_topic/build install --record /home/xiaomi/chart3/topic_ws/build/demo_python_topic/install.log --single-version-externally-managed install_data
[1.132s] running egg_info
[1.133s] creating ../../build/demo_python_topic/demo_python_topic.egg-info
[1.133s] writing ../../build/demo_python_topic/demo_python_topic.egg-info/PKG-INFO
[1.134s] writing dependency_links to ../../build/demo_python_topic/demo_python_topic.egg-info/dependency_links.txt
[1.134s] writing entry points to ../../build/demo_python_topic/demo_python_topic.egg-info/entry_points.txt
[1.134s] writing requirements to ../../build/demo_python_topic/demo_python_topic.egg-info/requires.txt
[1.135s] writing top-level names to ../../build/demo_python_topic/demo_python_topic.egg-info/top_level.txt
[1.135s] writing manifest file '../../build/demo_python_topic/demo_python_topic.egg-info/SOURCES.txt'
[1.136s] reading manifest file '../../build/demo_python_topic/demo_python_topic.egg-info/SOURCES.txt'
[1.137s] adding license file 'LICENSE'
[1.138s] writing manifest file '../../build/demo_python_topic/demo_python_topic.egg-info/SOURCES.txt'
[1.138s] running build
[1.138s] running build_py
[1.139s] creating /home/xiaomi/chart3/topic_ws/build/demo_python_topic/build
[1.139s] creating /home/xiaomi/chart3/topic_ws/build/demo_python_topic/build/lib
[1.139s] creating /home/xiaomi/chart3/topic_ws/build/demo_python_topic/build/lib/demo_python_topic
[1.139s] copying demo_python_topic/__init__.py -> /home/xiaomi/chart3/topic_ws/build/demo_python_topic/build/lib/demo_python_topic
[1.139s] running install
[1.140s] running install_lib
[1.141s] creating /home/xiaomi/chart3/topic_ws/install/demo_python_topic/lib/python3.10/site-packages/demo_python_topic
[1.141s] copying /home/xiaomi/chart3/topic_ws/build/demo_python_topic/build/lib/demo_python_topic/__init__.py -> /home/xiaomi/chart3/topic_ws/install/demo_python_topic/lib/python3.10/site-packages/demo_python_topic
[1.141s] byte-compiling /home/xiaomi/chart3/topic_ws/install/demo_python_topic/lib/python3.10/site-packages/demo_python_topic/__init__.py to __init__.cpython-310.pyc
[1.142s] running install_data
[1.142s] creating /home/xiaomi/chart3/topic_ws/install/demo_python_topic/share/ament_index
[1.142s] creating /home/xiaomi/chart3/topic_ws/install/demo_python_topic/share/ament_index/resource_index
[1.142s] creating /home/xiaomi/chart3/topic_ws/install/demo_python_topic/share/ament_index/resource_index/packages
[1.143s] copying resource/demo_python_topic -> /home/xiaomi/chart3/topic_ws/install/demo_python_topic/share/ament_index/resource_index/packages
[1.143s] copying package.xml -> /home/xiaomi/chart3/topic_ws/install/demo_python_topic/share/demo_python_topic
[1.143s] running install_egg_info
[1.145s] Copying ../../build/demo_python_topic/demo_python_topic.egg-info to /home/xiaomi/chart3/topic_ws/install/demo_python_topic/lib/python3.10/site-packages/demo_python_topic-0.0.0-py3.10.egg-info
[1.147s] running install_scripts
[1.168s] writing list of installed files to '/home/xiaomi/chart3/topic_ws/build/demo_python_topic/install.log'
[1.194s] Invoked command in '/home/xiaomi/chart3/topic_ws/src/demo_python_topic' returned '0': PYTHONPATH=/home/xiaomi/chart3/topic_ws/build/demo_python_topic/prefix_override:/usr/lib/python3/dist-packages/colcon_core/task/python/colcon_distutils_commands:/home/xiaomi/chart3/topic_ws/install/demo_python_topic/lib/python3.10/site-packages:${PYTHONPATH} /usr/bin/python3 -W ignore:setup.py install is deprecated -W ignore:easy_install command is deprecated setup.py egg_info --egg-base ../../build/demo_python_topic build --build-base /home/xiaomi/chart3/topic_ws/build/demo_python_topic/build install --record /home/xiaomi/chart3/topic_ws/build/demo_python_topic/install.log --single-version-externally-managed install_data
