[0.640s] Invoking command in '/home/xiaomi/chart2/chapt2_ws/src/demo_python_pkg': PYTHONPATH=/home/xiaomi/chart2/chapt2_ws/src/build/demo_python_pkg/prefix_override:/usr/lib/python3/dist-packages/colcon_core/task/python/colcon_distutils_commands:/home/xiaomi/chart2/chapt2_ws/src/install/demo_python_pkg/lib/python3.10/site-packages:${PYTHONPATH} /usr/bin/python3 -W ignore:setup.py install is deprecated -W ignore:easy_install command is deprecated setup.py egg_info --egg-base ../build/demo_python_pkg build --build-base /home/xiaomi/chart2/chapt2_ws/src/build/demo_python_pkg/build install --record /home/xiaomi/chart2/chapt2_ws/src/build/demo_python_pkg/install.log --single-version-externally-managed install_data
[0.865s] running egg_info
[0.866s] creating ../build/demo_python_pkg/demo_python_pkg.egg-info
[0.866s] writing ../build/demo_python_pkg/demo_python_pkg.egg-info/PKG-INFO
[0.867s] writing dependency_links to ../build/demo_python_pkg/demo_python_pkg.egg-info/dependency_links.txt
[0.867s] writing entry points to ../build/demo_python_pkg/demo_python_pkg.egg-info/entry_points.txt
[0.867s] writing requirements to ../build/demo_python_pkg/demo_python_pkg.egg-info/requires.txt
[0.867s] writing top-level names to ../build/demo_python_pkg/demo_python_pkg.egg-info/top_level.txt
[0.867s] writing manifest file '../build/demo_python_pkg/demo_python_pkg.egg-info/SOURCES.txt'
[0.869s] reading manifest file '../build/demo_python_pkg/demo_python_pkg.egg-info/SOURCES.txt'
[0.869s] adding license file 'LICENSE'
[0.870s] writing manifest file '../build/demo_python_pkg/demo_python_pkg.egg-info/SOURCES.txt'
[0.870s] running build
[0.870s] running build_py
[0.870s] creating /home/xiaomi/chart2/chapt2_ws/src/build/demo_python_pkg/build
[0.871s] creating /home/xiaomi/chart2/chapt2_ws/src/build/demo_python_pkg/build/lib
[0.871s] creating /home/xiaomi/chart2/chapt2_ws/src/build/demo_python_pkg/build/lib/demo_python_pkg
[0.871s] copying demo_python_pkg/__init__.py -> /home/xiaomi/chart2/chapt2_ws/src/build/demo_python_pkg/build/lib/demo_python_pkg
[0.871s] copying demo_python_pkg/python_node.py -> /home/xiaomi/chart2/chapt2_ws/src/build/demo_python_pkg/build/lib/demo_python_pkg
[0.871s] running install
[0.871s] running install_lib
[0.872s] creating /home/xiaomi/chart2/chapt2_ws/src/install/demo_python_pkg/lib/python3.10/site-packages/demo_python_pkg
[0.872s] copying /home/xiaomi/chart2/chapt2_ws/src/build/demo_python_pkg/build/lib/demo_python_pkg/__init__.py -> /home/xiaomi/chart2/chapt2_ws/src/install/demo_python_pkg/lib/python3.10/site-packages/demo_python_pkg
[0.872s] copying /home/xiaomi/chart2/chapt2_ws/src/build/demo_python_pkg/build/lib/demo_python_pkg/python_node.py -> /home/xiaomi/chart2/chapt2_ws/src/install/demo_python_pkg/lib/python3.10/site-packages/demo_python_pkg
[0.873s] byte-compiling /home/xiaomi/chart2/chapt2_ws/src/install/demo_python_pkg/lib/python3.10/site-packages/demo_python_pkg/__init__.py to __init__.cpython-310.pyc
[0.874s] byte-compiling /home/xiaomi/chart2/chapt2_ws/src/install/demo_python_pkg/lib/python3.10/site-packages/demo_python_pkg/python_node.py to python_node.cpython-310.pyc
[0.874s] running install_data
[0.874s] creating /home/xiaomi/chart2/chapt2_ws/src/install/demo_python_pkg/share/ament_index
[0.874s] creating /home/xiaomi/chart2/chapt2_ws/src/install/demo_python_pkg/share/ament_index/resource_index
[0.874s] creating /home/xiaomi/chart2/chapt2_ws/src/install/demo_python_pkg/share/ament_index/resource_index/packages
[0.874s] copying resource/demo_python_pkg -> /home/xiaomi/chart2/chapt2_ws/src/install/demo_python_pkg/share/ament_index/resource_index/packages
[0.874s] copying package.xml -> /home/xiaomi/chart2/chapt2_ws/src/install/demo_python_pkg/share/demo_python_pkg
[0.874s] running install_egg_info
[0.877s] Copying ../build/demo_python_pkg/demo_python_pkg.egg-info to /home/xiaomi/chart2/chapt2_ws/src/install/demo_python_pkg/lib/python3.10/site-packages/demo_python_pkg-0.0.0-py3.10.egg-info
[0.878s] running install_scripts
[0.901s] Installing py_node script to /home/xiaomi/chart2/chapt2_ws/src/install/demo_python_pkg/lib/demo_python_pkg
[0.901s] writing list of installed files to '/home/xiaomi/chart2/chapt2_ws/src/build/demo_python_pkg/install.log'
[0.931s] Invoked command in '/home/xiaomi/chart2/chapt2_ws/src/demo_python_pkg' returned '0': PYTHONPATH=/home/xiaomi/chart2/chapt2_ws/src/build/demo_python_pkg/prefix_override:/usr/lib/python3/dist-packages/colcon_core/task/python/colcon_distutils_commands:/home/xiaomi/chart2/chapt2_ws/src/install/demo_python_pkg/lib/python3.10/site-packages:${PYTHONPATH} /usr/bin/python3 -W ignore:setup.py install is deprecated -W ignore:easy_install command is deprecated setup.py egg_info --egg-base ../build/demo_python_pkg build --build-base /home/xiaomi/chart2/chapt2_ws/src/build/demo_python_pkg/build install --record /home/xiaomi/chart2/chapt2_ws/src/build/demo_python_pkg/install.log --single-version-externally-managed install_data
