[0.021s] Invoking command in '/home/xiaomi/fishros_src_learn/chart4/chapt4_ws/build/demo_cpp_service': CMAKE_PREFIX_PATH=/home/xiaomi/fishros_src_learn/chart4/chapt4_ws/install/chapt4_interfaces:/home/xiaomi/fishros_src_learn/chart4/chapt4_ws/install/demo_cpp_service:/home/xiaomi/fishros_src_learn/chart4/chapt4_ws/install/demo_python_service:/opt/ros/humble /usr/bin/cmake --build /home/xiaomi/fishros_src_learn/chart4/chapt4_ws/build/demo_cpp_service -- -j16 -l16
[0.086s] [35m[1mConsolidate compiler generated dependencies of target turtle_control[0m
[0.086s] [35m[1mConsolidate compiler generated dependencies of target patrol_client[0m
[0.116s] [ 50%] Built target patrol_client
[0.117s] [100%] Built target turtle_control
[0.303s] Invoked command in '/home/xiaomi/fishros_src_learn/chart4/chapt4_ws/build/demo_cpp_service' returned '0': CMAKE_PREFIX_PATH=/home/xiaomi/fishros_src_learn/chart4/chapt4_ws/install/chapt4_interfaces:/home/xiaomi/fishros_src_learn/chart4/chapt4_ws/install/demo_cpp_service:/home/xiaomi/fishros_src_learn/chart4/chapt4_ws/install/demo_python_service:/opt/ros/humble /usr/bin/cmake --build /home/xiaomi/fishros_src_learn/chart4/chapt4_ws/build/demo_cpp_service -- -j16 -l16
[0.307s] Invoking command in '/home/xiaomi/fishros_src_learn/chart4/chapt4_ws/build/demo_cpp_service': CMAKE_PREFIX_PATH=/home/xiaomi/fishros_src_learn/chart4/chapt4_ws/install/chapt4_interfaces:/home/xiaomi/fishros_src_learn/chart4/chapt4_ws/install/demo_cpp_service:/home/xiaomi/fishros_src_learn/chart4/chapt4_ws/install/demo_python_service:/opt/ros/humble /usr/bin/cmake --install /home/xiaomi/fishros_src_learn/chart4/chapt4_ws/build/demo_cpp_service
[0.316s] -- Install configuration: ""
[0.317s] -- Up-to-date: /home/xiaomi/fishros_src_learn/chart4/chapt4_ws/install/demo_cpp_service/lib/demo_cpp_service/turtle_control
[0.318s] -- Up-to-date: /home/xiaomi/fishros_src_learn/chart4/chapt4_ws/install/demo_cpp_service/lib/demo_cpp_service/patrol_client
[0.318s] -- Up-to-date: /home/xiaomi/fishros_src_learn/chart4/chapt4_ws/install/demo_cpp_service/share/demo_cpp_service/launch
[0.318s] -- Up-to-date: /home/xiaomi/fishros_src_learn/chart4/chapt4_ws/install/demo_cpp_service/share/demo_cpp_service/launch/demo.launch.py
[0.319s] -- Up-to-date: /home/xiaomi/fishros_src_learn/chart4/chapt4_ws/install/demo_cpp_service/share/ament_index/resource_index/package_run_dependencies/demo_cpp_service
[0.319s] -- Up-to-date: /home/xiaomi/fishros_src_learn/chart4/chapt4_ws/install/demo_cpp_service/share/ament_index/resource_index/parent_prefix_path/demo_cpp_service
[0.319s] -- Up-to-date: /home/xiaomi/fishros_src_learn/chart4/chapt4_ws/install/demo_cpp_service/share/demo_cpp_service/environment/ament_prefix_path.sh
[0.319s] -- Up-to-date: /home/xiaomi/fishros_src_learn/chart4/chapt4_ws/install/demo_cpp_service/share/demo_cpp_service/environment/ament_prefix_path.dsv
[0.319s] -- Up-to-date: /home/xiaomi/fishros_src_learn/chart4/chapt4_ws/install/demo_cpp_service/share/demo_cpp_service/environment/path.sh
[0.319s] -- Up-to-date: /home/xiaomi/fishros_src_learn/chart4/chapt4_ws/install/demo_cpp_service/share/demo_cpp_service/environment/path.dsv
[0.319s] -- Up-to-date: /home/xiaomi/fishros_src_learn/chart4/chapt4_ws/install/demo_cpp_service/share/demo_cpp_service/local_setup.bash
[0.319s] -- Up-to-date: /home/xiaomi/fishros_src_learn/chart4/chapt4_ws/install/demo_cpp_service/share/demo_cpp_service/local_setup.sh
[0.320s] -- Up-to-date: /home/xiaomi/fishros_src_learn/chart4/chapt4_ws/install/demo_cpp_service/share/demo_cpp_service/local_setup.zsh
[0.320s] -- Up-to-date: /home/xiaomi/fishros_src_learn/chart4/chapt4_ws/install/demo_cpp_service/share/demo_cpp_service/local_setup.dsv
[0.320s] -- Installing: /home/xiaomi/fishros_src_learn/chart4/chapt4_ws/install/demo_cpp_service/share/demo_cpp_service/package.dsv
[0.320s] -- Up-to-date: /home/xiaomi/fishros_src_learn/chart4/chapt4_ws/install/demo_cpp_service/share/ament_index/resource_index/packages/demo_cpp_service
[0.320s] -- Up-to-date: /home/xiaomi/fishros_src_learn/chart4/chapt4_ws/install/demo_cpp_service/share/demo_cpp_service/cmake/demo_cpp_serviceConfig.cmake
[0.320s] -- Up-to-date: /home/xiaomi/fishros_src_learn/chart4/chapt4_ws/install/demo_cpp_service/share/demo_cpp_service/cmake/demo_cpp_serviceConfig-version.cmake
[0.320s] -- Up-to-date: /home/xiaomi/fishros_src_learn/chart4/chapt4_ws/install/demo_cpp_service/share/demo_cpp_service/package.xml
[0.324s] Invoked command in '/home/xiaomi/fishros_src_learn/chart4/chapt4_ws/build/demo_cpp_service' returned '0': CMAKE_PREFIX_PATH=/home/xiaomi/fishros_src_learn/chart4/chapt4_ws/install/chapt4_interfaces:/home/xiaomi/fishros_src_learn/chart4/chapt4_ws/install/demo_cpp_service:/home/xiaomi/fishros_src_learn/chart4/chapt4_ws/install/demo_python_service:/opt/ros/humble /usr/bin/cmake --install /home/xiaomi/fishros_src_learn/chart4/chapt4_ws/build/demo_cpp_service
