[0.015s] Invoking command in '/home/xiaomi/fishros_src_learn/chart4/chapt4_ws/build/chapt4_interfaces': CMAKE_PREFIX_PATH=${CMAKE_PREFIX_PATH}:/home/xiaomi/fishros_src_learn/chart4/chapt4_ws/install/demo_python_service:/opt/ros/humble /usr/bin/cmake --build /home/xiaomi/fishros_src_learn/chart4/chapt4_ws/build/chapt4_interfaces -- -j16 -l16
[0.070s] -- Found ament_cmake: 1.3.11 (/opt/ros/humble/share/ament_cmake/cmake)
[0.210s] -- Found rosidl_default_generators: 1.2.0 (/opt/ros/humble/share/rosidl_default_generators/cmake)
[0.213s] -- Using all available rosidl_typesupport_c: rosidl_typesupport_fastrtps_c;rosidl_typesupport_introspection_c
[0.217s] -- Found rosidl_adapter: 3.1.6 (/opt/ros/humble/share/rosidl_adapter/cmake)
[0.262s] -- Using all available rosidl_typesupport_cpp: rosidl_typesupport_fastrtps_cpp;rosidl_typesupport_introspection_cpp
[0.295s] -- Found sensor_msgs: 4.2.4 (/opt/ros/humble/share/sensor_msgs/cmake)
[0.666s] -- Found ament_cmake_ros: 0.10.0 (/opt/ros/humble/share/ament_cmake_ros/cmake)
[0.940s] -- Using all available rosidl_typesupport_c: rosidl_typesupport_fastrtps_c;rosidl_typesupport_introspection_c
[1.286s] -- Using all available rosidl_typesupport_cpp: rosidl_typesupport_fastrtps_cpp;rosidl_typesupport_introspection_cpp
[1.307s] -- Found python_cmake_module: 0.10.0 (/opt/ros/humble/share/python_cmake_module/cmake)
[1.330s] -- Using PYTHON_EXECUTABLE: /usr/bin/python3
[1.330s] -- Using PYTHON_INCLUDE_DIRS: /usr/include/python3.10
[1.330s] -- Using PYTHON_LIBRARIES: /usr/lib/x86_64-linux-gnu/libpython3.10.so
[1.377s] -- Found ament_lint_auto: 0.12.11 (/opt/ros/humble/share/ament_lint_auto/cmake)
[1.399s] -- Added test 'lint_cmake' to check CMake code style
[1.400s] -- Added test 'xmllint' to check XML markup files
[1.405s] -- Configuring done
[1.474s] -- Generating done
[1.489s] -- Build files have been written to: /home/xiaomi/fishros_src_learn/chart4/chapt4_ws/build/chapt4_interfaces
[1.523s] [35m[1mConsolidate compiler generated dependencies of target chapt4_interfaces__rosidl_generator_c[0m
[1.535s] [  2%] Built target chapt4_interfaces__cpp
[1.541s] [ 12%] Built target chapt4_interfaces__rosidl_generator_c
[1.550s] [35m[1mConsolidate compiler generated dependencies of target chapt4_interfaces__rosidl_typesupport_introspection_cpp[0m
[1.550s] [35m[1mConsolidate compiler generated dependencies of target chapt4_interfaces__rosidl_typesupport_cpp[0m
[1.550s] [ 12%] Built target ament_cmake_python_copy_chapt4_interfaces
[1.550s] [35m[1mConsolidate compiler generated dependencies of target chapt4_interfaces__rosidl_typesupport_fastrtps_cpp[0m
[1.556s] [35m[1mConsolidate compiler generated dependencies of target chapt4_interfaces__rosidl_typesupport_c[0m
[1.556s] [35m[1mConsolidate compiler generated dependencies of target chapt4_interfaces__rosidl_typesupport_fastrtps_c[0m
[1.557s] [35m[1mConsolidate compiler generated dependencies of target chapt4_interfaces__rosidl_typesupport_introspection_c[0m
[1.571s] [ 41%] Built target chapt4_interfaces__rosidl_typesupport_cpp
[1.571s] [ 43%] Built target chapt4_interfaces__rosidl_typesupport_introspection_cpp
[1.571s] [ 41%] Built target chapt4_interfaces__rosidl_typesupport_c
[1.572s] [ 53%] Built target chapt4_interfaces__rosidl_typesupport_fastrtps_cpp
[1.576s] [ 66%] Built target chapt4_interfaces__rosidl_typesupport_fastrtps_c
[1.576s] [ 74%] Built target chapt4_interfaces__rosidl_typesupport_introspection_c
[1.603s] [ 74%] Built target chapt4_interfaces
[1.630s] [ 76%] Built target chapt4_interfaces__py
[1.644s] [35m[1mConsolidate compiler generated dependencies of target chapt4_interfaces__rosidl_generator_py[0m
[1.662s] [ 84%] Built target chapt4_interfaces__rosidl_generator_py
[1.674s] [35m[1mConsolidate compiler generated dependencies of target chapt4_interfaces__rosidl_typesupport_introspection_c__pyext[0m
[1.674s] [35m[1mConsolidate compiler generated dependencies of target chapt4_interfaces__rosidl_typesupport_fastrtps_c__pyext[0m
[1.675s] [35m[1mConsolidate compiler generated dependencies of target chapt4_interfaces__rosidl_typesupport_c__pyext[0m
[1.691s] [ 94%] Built target chapt4_interfaces__rosidl_typesupport_introspection_c__pyext
[1.691s] [ 94%] Built target chapt4_interfaces__rosidl_typesupport_fastrtps_c__pyext
[1.691s] [100%] Built target chapt4_interfaces__rosidl_typesupport_c__pyext
[1.785s] running egg_info
[1.786s] writing chapt4_interfaces.egg-info/PKG-INFO
[1.787s] writing dependency_links to chapt4_interfaces.egg-info/dependency_links.txt
[1.787s] writing top-level names to chapt4_interfaces.egg-info/top_level.txt
[1.789s] reading manifest file 'chapt4_interfaces.egg-info/SOURCES.txt'
[1.790s] writing manifest file 'chapt4_interfaces.egg-info/SOURCES.txt'
[1.816s] [100%] Built target ament_cmake_python_build_chapt4_interfaces_egg
[1.831s] Invoked command in '/home/xiaomi/fishros_src_learn/chart4/chapt4_ws/build/chapt4_interfaces' returned '0': CMAKE_PREFIX_PATH=${CMAKE_PREFIX_PATH}:/home/xiaomi/fishros_src_learn/chart4/chapt4_ws/install/demo_python_service:/opt/ros/humble /usr/bin/cmake --build /home/xiaomi/fishros_src_learn/chart4/chapt4_ws/build/chapt4_interfaces -- -j16 -l16
[1.843s] Invoking command in '/home/xiaomi/fishros_src_learn/chart4/chapt4_ws/build/chapt4_interfaces': CMAKE_PREFIX_PATH=${CMAKE_PREFIX_PATH}:/home/xiaomi/fishros_src_learn/chart4/chapt4_ws/install/demo_python_service:/opt/ros/humble /usr/bin/cmake --install /home/xiaomi/fishros_src_learn/chart4/chapt4_ws/build/chapt4_interfaces
[1.852s] -- Install configuration: ""
[1.853s] -- Up-to-date: /home/xiaomi/fishros_src_learn/chart4/chapt4_ws/install/chapt4_interfaces/share/ament_index/resource_index/rosidl_interfaces/chapt4_interfaces
[1.853s] -- Up-to-date: /home/xiaomi/fishros_src_learn/chart4/chapt4_ws/install/chapt4_interfaces/include/chapt4_interfaces/chapt4_interfaces
[1.853s] -- Up-to-date: /home/xiaomi/fishros_src_learn/chart4/chapt4_ws/install/chapt4_interfaces/include/chapt4_interfaces/chapt4_interfaces/srv
[1.853s] -- Up-to-date: /home/xiaomi/fishros_src_learn/chart4/chapt4_ws/install/chapt4_interfaces/include/chapt4_interfaces/chapt4_interfaces/srv/detail
[1.854s] -- Up-to-date: /home/xiaomi/fishros_src_learn/chart4/chapt4_ws/install/chapt4_interfaces/include/chapt4_interfaces/chapt4_interfaces/srv/detail/patrol__functions.h
[1.854s] -- Up-to-date: /home/xiaomi/fishros_src_learn/chart4/chapt4_ws/install/chapt4_interfaces/include/chapt4_interfaces/chapt4_interfaces/srv/detail/face_detector__type_support.h
[1.854s] -- Up-to-date: /home/xiaomi/fishros_src_learn/chart4/chapt4_ws/install/chapt4_interfaces/include/chapt4_interfaces/chapt4_interfaces/srv/detail/face_detector__functions.c
[1.854s] -- Up-to-date: /home/xiaomi/fishros_src_learn/chart4/chapt4_ws/install/chapt4_interfaces/include/chapt4_interfaces/chapt4_interfaces/srv/detail/patrol__type_support.h
[1.854s] -- Up-to-date: /home/xiaomi/fishros_src_learn/chart4/chapt4_ws/install/chapt4_interfaces/include/chapt4_interfaces/chapt4_interfaces/srv/detail/patrol__struct.h
[1.854s] -- Up-to-date: /home/xiaomi/fishros_src_learn/chart4/chapt4_ws/install/chapt4_interfaces/include/chapt4_interfaces/chapt4_interfaces/srv/detail/face_detector__functions.h
[1.855s] -- Up-to-date: /home/xiaomi/fishros_src_learn/chart4/chapt4_ws/install/chapt4_interfaces/include/chapt4_interfaces/chapt4_interfaces/srv/detail/patrol__functions.c
[1.855s] -- Up-to-date: /home/xiaomi/fishros_src_learn/chart4/chapt4_ws/install/chapt4_interfaces/include/chapt4_interfaces/chapt4_interfaces/srv/detail/face_detector__struct.h
[1.855s] -- Up-to-date: /home/xiaomi/fishros_src_learn/chart4/chapt4_ws/install/chapt4_interfaces/include/chapt4_interfaces/chapt4_interfaces/srv/patrol.h
[1.855s] -- Up-to-date: /home/xiaomi/fishros_src_learn/chart4/chapt4_ws/install/chapt4_interfaces/include/chapt4_interfaces/chapt4_interfaces/srv/face_detector.h
[1.855s] -- Up-to-date: /home/xiaomi/fishros_src_learn/chart4/chapt4_ws/install/chapt4_interfaces/include/chapt4_interfaces/chapt4_interfaces/msg
[1.855s] -- Up-to-date: /home/xiaomi/fishros_src_learn/chart4/chapt4_ws/install/chapt4_interfaces/include/chapt4_interfaces/chapt4_interfaces/msg/rosidl_generator_c__visibility_control.h
[1.855s] -- Up-to-date: /home/xiaomi/fishros_src_learn/chart4/chapt4_ws/install/chapt4_interfaces/share/chapt4_interfaces/environment/library_path.sh
[1.855s] -- Installing: /home/xiaomi/fishros_src_learn/chart4/chapt4_ws/install/chapt4_interfaces/share/chapt4_interfaces/environment/library_path.dsv
[1.856s] -- Up-to-date: /home/xiaomi/fishros_src_learn/chart4/chapt4_ws/install/chapt4_interfaces/lib/libchapt4_interfaces__rosidl_generator_c.so
[1.856s] -- Up-to-date: /home/xiaomi/fishros_src_learn/chart4/chapt4_ws/install/chapt4_interfaces/include/chapt4_interfaces/chapt4_interfaces
[1.857s] -- Up-to-date: /home/xiaomi/fishros_src_learn/chart4/chapt4_ws/install/chapt4_interfaces/include/chapt4_interfaces/chapt4_interfaces/srv
[1.857s] -- Up-to-date: /home/xiaomi/fishros_src_learn/chart4/chapt4_ws/install/chapt4_interfaces/include/chapt4_interfaces/chapt4_interfaces/srv/detail
[1.857s] -- Up-to-date: /home/xiaomi/fishros_src_learn/chart4/chapt4_ws/install/chapt4_interfaces/include/chapt4_interfaces/chapt4_interfaces/srv/detail/patrol__rosidl_typesupport_fastrtps_c.h
[1.857s] -- Up-to-date: /home/xiaomi/fishros_src_learn/chart4/chapt4_ws/install/chapt4_interfaces/include/chapt4_interfaces/chapt4_interfaces/srv/detail/face_detector__rosidl_typesupport_fastrtps_c.h
[1.857s] -- Up-to-date: /home/xiaomi/fishros_src_learn/chart4/chapt4_ws/install/chapt4_interfaces/include/chapt4_interfaces/chapt4_interfaces/msg
[1.857s] -- Up-to-date: /home/xiaomi/fishros_src_learn/chart4/chapt4_ws/install/chapt4_interfaces/include/chapt4_interfaces/chapt4_interfaces/msg/rosidl_typesupport_fastrtps_c__visibility_control.h
[1.857s] -- Up-to-date: /home/xiaomi/fishros_src_learn/chart4/chapt4_ws/install/chapt4_interfaces/lib/libchapt4_interfaces__rosidl_typesupport_fastrtps_c.so
[1.858s] -- Up-to-date: /home/xiaomi/fishros_src_learn/chart4/chapt4_ws/install/chapt4_interfaces/include/chapt4_interfaces/chapt4_interfaces
[1.858s] -- Up-to-date: /home/xiaomi/fishros_src_learn/chart4/chapt4_ws/install/chapt4_interfaces/include/chapt4_interfaces/chapt4_interfaces/srv
[1.858s] -- Up-to-date: /home/xiaomi/fishros_src_learn/chart4/chapt4_ws/install/chapt4_interfaces/include/chapt4_interfaces/chapt4_interfaces/srv/detail
[1.858s] -- Up-to-date: /home/xiaomi/fishros_src_learn/chart4/chapt4_ws/install/chapt4_interfaces/include/chapt4_interfaces/chapt4_interfaces/srv/detail/patrol__type_support.c
[1.858s] -- Up-to-date: /home/xiaomi/fishros_src_learn/chart4/chapt4_ws/install/chapt4_interfaces/include/chapt4_interfaces/chapt4_interfaces/srv/detail/patrol__rosidl_typesupport_introspection_c.h
[1.858s] -- Up-to-date: /home/xiaomi/fishros_src_learn/chart4/chapt4_ws/install/chapt4_interfaces/include/chapt4_interfaces/chapt4_interfaces/srv/detail/face_detector__rosidl_typesupport_introspection_c.h
[1.858s] -- Up-to-date: /home/xiaomi/fishros_src_learn/chart4/chapt4_ws/install/chapt4_interfaces/include/chapt4_interfaces/chapt4_interfaces/srv/detail/face_detector__type_support.c
[1.858s] -- Up-to-date: /home/xiaomi/fishros_src_learn/chart4/chapt4_ws/install/chapt4_interfaces/include/chapt4_interfaces/chapt4_interfaces/msg
[1.858s] -- Up-to-date: /home/xiaomi/fishros_src_learn/chart4/chapt4_ws/install/chapt4_interfaces/include/chapt4_interfaces/chapt4_interfaces/msg/rosidl_typesupport_introspection_c__visibility_control.h
[1.859s] -- Up-to-date: /home/xiaomi/fishros_src_learn/chart4/chapt4_ws/install/chapt4_interfaces/lib/libchapt4_interfaces__rosidl_typesupport_introspection_c.so
[1.860s] -- Up-to-date: /home/xiaomi/fishros_src_learn/chart4/chapt4_ws/install/chapt4_interfaces/lib/libchapt4_interfaces__rosidl_typesupport_c.so
[1.860s] -- Up-to-date: /home/xiaomi/fishros_src_learn/chart4/chapt4_ws/install/chapt4_interfaces/include/chapt4_interfaces/chapt4_interfaces
[1.860s] -- Up-to-date: /home/xiaomi/fishros_src_learn/chart4/chapt4_ws/install/chapt4_interfaces/include/chapt4_interfaces/chapt4_interfaces/srv
[1.860s] -- Up-to-date: /home/xiaomi/fishros_src_learn/chart4/chapt4_ws/install/chapt4_interfaces/include/chapt4_interfaces/chapt4_interfaces/srv/patrol.hpp
[1.861s] -- Up-to-date: /home/xiaomi/fishros_src_learn/chart4/chapt4_ws/install/chapt4_interfaces/include/chapt4_interfaces/chapt4_interfaces/srv/detail
[1.861s] -- Up-to-date: /home/xiaomi/fishros_src_learn/chart4/chapt4_ws/install/chapt4_interfaces/include/chapt4_interfaces/chapt4_interfaces/srv/detail/face_detector__struct.hpp
[1.861s] -- Up-to-date: /home/xiaomi/fishros_src_learn/chart4/chapt4_ws/install/chapt4_interfaces/include/chapt4_interfaces/chapt4_interfaces/srv/detail/face_detector__type_support.hpp
[1.861s] -- Up-to-date: /home/xiaomi/fishros_src_learn/chart4/chapt4_ws/install/chapt4_interfaces/include/chapt4_interfaces/chapt4_interfaces/srv/detail/face_detector__traits.hpp
[1.861s] -- Up-to-date: /home/xiaomi/fishros_src_learn/chart4/chapt4_ws/install/chapt4_interfaces/include/chapt4_interfaces/chapt4_interfaces/srv/detail/patrol__struct.hpp
[1.861s] -- Up-to-date: /home/xiaomi/fishros_src_learn/chart4/chapt4_ws/install/chapt4_interfaces/include/chapt4_interfaces/chapt4_interfaces/srv/detail/patrol__traits.hpp
[1.861s] -- Up-to-date: /home/xiaomi/fishros_src_learn/chart4/chapt4_ws/install/chapt4_interfaces/include/chapt4_interfaces/chapt4_interfaces/srv/detail/face_detector__builder.hpp
[1.861s] -- Up-to-date: /home/xiaomi/fishros_src_learn/chart4/chapt4_ws/install/chapt4_interfaces/include/chapt4_interfaces/chapt4_interfaces/srv/detail/patrol__builder.hpp
[1.862s] -- Up-to-date: /home/xiaomi/fishros_src_learn/chart4/chapt4_ws/install/chapt4_interfaces/include/chapt4_interfaces/chapt4_interfaces/srv/detail/patrol__type_support.hpp
[1.862s] -- Up-to-date: /home/xiaomi/fishros_src_learn/chart4/chapt4_ws/install/chapt4_interfaces/include/chapt4_interfaces/chapt4_interfaces/srv/face_detector.hpp
[1.862s] -- Up-to-date: /home/xiaomi/fishros_src_learn/chart4/chapt4_ws/install/chapt4_interfaces/include/chapt4_interfaces/chapt4_interfaces/msg
[1.862s] -- Up-to-date: /home/xiaomi/fishros_src_learn/chart4/chapt4_ws/install/chapt4_interfaces/include/chapt4_interfaces/chapt4_interfaces/msg/rosidl_generator_cpp__visibility_control.hpp
[1.862s] -- Up-to-date: /home/xiaomi/fishros_src_learn/chart4/chapt4_ws/install/chapt4_interfaces/include/chapt4_interfaces/chapt4_interfaces
[1.862s] -- Up-to-date: /home/xiaomi/fishros_src_learn/chart4/chapt4_ws/install/chapt4_interfaces/include/chapt4_interfaces/chapt4_interfaces/srv
[1.862s] -- Up-to-date: /home/xiaomi/fishros_src_learn/chart4/chapt4_ws/install/chapt4_interfaces/include/chapt4_interfaces/chapt4_interfaces/srv/detail
[1.862s] -- Up-to-date: /home/xiaomi/fishros_src_learn/chart4/chapt4_ws/install/chapt4_interfaces/include/chapt4_interfaces/chapt4_interfaces/srv/detail/face_detector__rosidl_typesupport_fastrtps_cpp.hpp
[1.862s] -- Up-to-date: /home/xiaomi/fishros_src_learn/chart4/chapt4_ws/install/chapt4_interfaces/include/chapt4_interfaces/chapt4_interfaces/srv/detail/patrol__rosidl_typesupport_fastrtps_cpp.hpp
[1.862s] -- Up-to-date: /home/xiaomi/fishros_src_learn/chart4/chapt4_ws/install/chapt4_interfaces/include/chapt4_interfaces/chapt4_interfaces/srv/detail/dds_fastrtps
[1.862s] -- Up-to-date: /home/xiaomi/fishros_src_learn/chart4/chapt4_ws/install/chapt4_interfaces/include/chapt4_interfaces/chapt4_interfaces/msg
[1.863s] -- Up-to-date: /home/xiaomi/fishros_src_learn/chart4/chapt4_ws/install/chapt4_interfaces/include/chapt4_interfaces/chapt4_interfaces/msg/rosidl_typesupport_fastrtps_cpp__visibility_control.h
[1.863s] -- Up-to-date: /home/xiaomi/fishros_src_learn/chart4/chapt4_ws/install/chapt4_interfaces/lib/libchapt4_interfaces__rosidl_typesupport_fastrtps_cpp.so
[1.863s] -- Up-to-date: /home/xiaomi/fishros_src_learn/chart4/chapt4_ws/install/chapt4_interfaces/include/chapt4_interfaces/chapt4_interfaces
[1.863s] -- Up-to-date: /home/xiaomi/fishros_src_learn/chart4/chapt4_ws/install/chapt4_interfaces/include/chapt4_interfaces/chapt4_interfaces/srv
[1.863s] -- Up-to-date: /home/xiaomi/fishros_src_learn/chart4/chapt4_ws/install/chapt4_interfaces/include/chapt4_interfaces/chapt4_interfaces/srv/detail
[1.863s] -- Up-to-date: /home/xiaomi/fishros_src_learn/chart4/chapt4_ws/install/chapt4_interfaces/include/chapt4_interfaces/chapt4_interfaces/srv/detail/patrol__rosidl_typesupport_introspection_cpp.hpp
[1.863s] -- Up-to-date: /home/xiaomi/fishros_src_learn/chart4/chapt4_ws/install/chapt4_interfaces/include/chapt4_interfaces/chapt4_interfaces/srv/detail/face_detector__rosidl_typesupport_introspection_cpp.hpp
[1.863s] -- Up-to-date: /home/xiaomi/fishros_src_learn/chart4/chapt4_ws/install/chapt4_interfaces/include/chapt4_interfaces/chapt4_interfaces/srv/detail/face_detector__type_support.cpp
[1.863s] -- Up-to-date: /home/xiaomi/fishros_src_learn/chart4/chapt4_ws/install/chapt4_interfaces/include/chapt4_interfaces/chapt4_interfaces/srv/detail/patrol__type_support.cpp
[1.863s] -- Up-to-date: /home/xiaomi/fishros_src_learn/chart4/chapt4_ws/install/chapt4_interfaces/lib/libchapt4_interfaces__rosidl_typesupport_introspection_cpp.so
[1.864s] -- Up-to-date: /home/xiaomi/fishros_src_learn/chart4/chapt4_ws/install/chapt4_interfaces/lib/libchapt4_interfaces__rosidl_typesupport_cpp.so
[1.864s] -- Up-to-date: /home/xiaomi/fishros_src_learn/chart4/chapt4_ws/install/chapt4_interfaces/share/chapt4_interfaces/environment/pythonpath.sh
[1.864s] -- Installing: /home/xiaomi/fishros_src_learn/chart4/chapt4_ws/install/chapt4_interfaces/share/chapt4_interfaces/environment/pythonpath.dsv
[1.864s] -- Up-to-date: /home/xiaomi/fishros_src_learn/chart4/chapt4_ws/install/chapt4_interfaces/local/lib/python3.10/dist-packages/chapt4_interfaces-0.0.0-py3.10.egg-info
[1.865s] -- Installing: /home/xiaomi/fishros_src_learn/chart4/chapt4_ws/install/chapt4_interfaces/local/lib/python3.10/dist-packages/chapt4_interfaces-0.0.0-py3.10.egg-info/dependency_links.txt
[1.865s] -- Installing: /home/xiaomi/fishros_src_learn/chart4/chapt4_ws/install/chapt4_interfaces/local/lib/python3.10/dist-packages/chapt4_interfaces-0.0.0-py3.10.egg-info/SOURCES.txt
[1.865s] -- Installing: /home/xiaomi/fishros_src_learn/chart4/chapt4_ws/install/chapt4_interfaces/local/lib/python3.10/dist-packages/chapt4_interfaces-0.0.0-py3.10.egg-info/PKG-INFO
[1.865s] -- Installing: /home/xiaomi/fishros_src_learn/chart4/chapt4_ws/install/chapt4_interfaces/local/lib/python3.10/dist-packages/chapt4_interfaces-0.0.0-py3.10.egg-info/top_level.txt
[1.865s] -- Up-to-date: /home/xiaomi/fishros_src_learn/chart4/chapt4_ws/install/chapt4_interfaces/local/lib/python3.10/dist-packages/chapt4_interfaces
[1.866s] -- Up-to-date: /home/xiaomi/fishros_src_learn/chart4/chapt4_ws/install/chapt4_interfaces/local/lib/python3.10/dist-packages/chapt4_interfaces/srv
[1.866s] -- Up-to-date: /home/xiaomi/fishros_src_learn/chart4/chapt4_ws/install/chapt4_interfaces/local/lib/python3.10/dist-packages/chapt4_interfaces/srv/__init__.py
[1.866s] -- Up-to-date: /home/xiaomi/fishros_src_learn/chart4/chapt4_ws/install/chapt4_interfaces/local/lib/python3.10/dist-packages/chapt4_interfaces/srv/_face_detector.py
[1.866s] -- Up-to-date: /home/xiaomi/fishros_src_learn/chart4/chapt4_ws/install/chapt4_interfaces/local/lib/python3.10/dist-packages/chapt4_interfaces/srv/_patrol.py
[1.866s] -- Up-to-date: /home/xiaomi/fishros_src_learn/chart4/chapt4_ws/install/chapt4_interfaces/local/lib/python3.10/dist-packages/chapt4_interfaces/srv/_face_detector_s.c
[1.866s] -- Up-to-date: /home/xiaomi/fishros_src_learn/chart4/chapt4_ws/install/chapt4_interfaces/local/lib/python3.10/dist-packages/chapt4_interfaces/srv/_patrol_s.c
[1.866s] -- Installing: /home/xiaomi/fishros_src_learn/chart4/chapt4_ws/install/chapt4_interfaces/local/lib/python3.10/dist-packages/chapt4_interfaces/__init__.py
[1.866s] -- Up-to-date: /home/xiaomi/fishros_src_learn/chart4/chapt4_ws/install/chapt4_interfaces/local/lib/python3.10/dist-packages/chapt4_interfaces/libchapt4_interfaces__rosidl_generator_py.so
[1.867s] -- Up-to-date: /home/xiaomi/fishros_src_learn/chart4/chapt4_ws/install/chapt4_interfaces/local/lib/python3.10/dist-packages/chapt4_interfaces/_chapt4_interfaces_s.ep.rosidl_typesupport_introspection_c.c
[1.867s] -- Up-to-date: /home/xiaomi/fishros_src_learn/chart4/chapt4_ws/install/chapt4_interfaces/local/lib/python3.10/dist-packages/chapt4_interfaces/chapt4_interfaces_s__rosidl_typesupport_fastrtps_c.cpython-310-x86_64-linux-gnu.so
[1.867s] -- Up-to-date: /home/xiaomi/fishros_src_learn/chart4/chapt4_ws/install/chapt4_interfaces/local/lib/python3.10/dist-packages/chapt4_interfaces/chapt4_interfaces_s__rosidl_typesupport_introspection_c.cpython-310-x86_64-linux-gnu.so
[1.867s] -- Up-to-date: /home/xiaomi/fishros_src_learn/chart4/chapt4_ws/install/chapt4_interfaces/local/lib/python3.10/dist-packages/chapt4_interfaces/_chapt4_interfaces_s.ep.rosidl_typesupport_c.c
[1.867s] -- Up-to-date: /home/xiaomi/fishros_src_learn/chart4/chapt4_ws/install/chapt4_interfaces/local/lib/python3.10/dist-packages/chapt4_interfaces/chapt4_interfaces_s__rosidl_typesupport_c.cpython-310-x86_64-linux-gnu.so
[1.867s] -- Up-to-date: /home/xiaomi/fishros_src_learn/chart4/chapt4_ws/install/chapt4_interfaces/local/lib/python3.10/dist-packages/chapt4_interfaces/_chapt4_interfaces_s.ep.rosidl_typesupport_fastrtps_c.c
[1.898s] Listing '/home/xiaomi/fishros_src_learn/chart4/chapt4_ws/install/chapt4_interfaces/local/lib/python3.10/dist-packages/chapt4_interfaces'...
[1.898s] Compiling '/home/xiaomi/fishros_src_learn/chart4/chapt4_ws/install/chapt4_interfaces/local/lib/python3.10/dist-packages/chapt4_interfaces/__init__.py'...
[1.899s] Listing '/home/xiaomi/fishros_src_learn/chart4/chapt4_ws/install/chapt4_interfaces/local/lib/python3.10/dist-packages/chapt4_interfaces/srv'...
[1.903s] -- Up-to-date: /home/xiaomi/fishros_src_learn/chart4/chapt4_ws/install/chapt4_interfaces/local/lib/python3.10/dist-packages/chapt4_interfaces/chapt4_interfaces_s__rosidl_typesupport_fastrtps_c.cpython-310-x86_64-linux-gnu.so
[1.904s] -- Up-to-date: /home/xiaomi/fishros_src_learn/chart4/chapt4_ws/install/chapt4_interfaces/local/lib/python3.10/dist-packages/chapt4_interfaces/chapt4_interfaces_s__rosidl_typesupport_introspection_c.cpython-310-x86_64-linux-gnu.so
[1.905s] -- Up-to-date: /home/xiaomi/fishros_src_learn/chart4/chapt4_ws/install/chapt4_interfaces/local/lib/python3.10/dist-packages/chapt4_interfaces/chapt4_interfaces_s__rosidl_typesupport_c.cpython-310-x86_64-linux-gnu.so
[1.906s] -- Up-to-date: /home/xiaomi/fishros_src_learn/chart4/chapt4_ws/install/chapt4_interfaces/lib/libchapt4_interfaces__rosidl_generator_py.so
[1.906s] -- Up-to-date: /home/xiaomi/fishros_src_learn/chart4/chapt4_ws/install/chapt4_interfaces/share/chapt4_interfaces/srv/FaceDetector.idl
[1.906s] -- Up-to-date: /home/xiaomi/fishros_src_learn/chart4/chapt4_ws/install/chapt4_interfaces/share/chapt4_interfaces/srv/Patrol.idl
[1.906s] -- Up-to-date: /home/xiaomi/fishros_src_learn/chart4/chapt4_ws/install/chapt4_interfaces/share/chapt4_interfaces/srv/FaceDetector.srv
[1.906s] -- Up-to-date: /home/xiaomi/fishros_src_learn/chart4/chapt4_ws/install/chapt4_interfaces/share/chapt4_interfaces/srv/FaceDetector_Request.msg
[1.907s] -- Up-to-date: /home/xiaomi/fishros_src_learn/chart4/chapt4_ws/install/chapt4_interfaces/share/chapt4_interfaces/srv/FaceDetector_Response.msg
[1.907s] -- Up-to-date: /home/xiaomi/fishros_src_learn/chart4/chapt4_ws/install/chapt4_interfaces/share/chapt4_interfaces/srv/Patrol.srv
[1.907s] -- Up-to-date: /home/xiaomi/fishros_src_learn/chart4/chapt4_ws/install/chapt4_interfaces/share/chapt4_interfaces/srv/Patrol_Request.msg
[1.907s] -- Up-to-date: /home/xiaomi/fishros_src_learn/chart4/chapt4_ws/install/chapt4_interfaces/share/chapt4_interfaces/srv/Patrol_Response.msg
[1.907s] -- Up-to-date: /home/xiaomi/fishros_src_learn/chart4/chapt4_ws/install/chapt4_interfaces/share/ament_index/resource_index/package_run_dependencies/chapt4_interfaces
[1.907s] -- Installing: /home/xiaomi/fishros_src_learn/chart4/chapt4_ws/install/chapt4_interfaces/share/ament_index/resource_index/parent_prefix_path/chapt4_interfaces
[1.907s] -- Up-to-date: /home/xiaomi/fishros_src_learn/chart4/chapt4_ws/install/chapt4_interfaces/share/chapt4_interfaces/environment/ament_prefix_path.sh
[1.907s] -- Installing: /home/xiaomi/fishros_src_learn/chart4/chapt4_ws/install/chapt4_interfaces/share/chapt4_interfaces/environment/ament_prefix_path.dsv
[1.907s] -- Up-to-date: /home/xiaomi/fishros_src_learn/chart4/chapt4_ws/install/chapt4_interfaces/share/chapt4_interfaces/environment/path.sh
[1.908s] -- Installing: /home/xiaomi/fishros_src_learn/chart4/chapt4_ws/install/chapt4_interfaces/share/chapt4_interfaces/environment/path.dsv
[1.908s] -- Up-to-date: /home/xiaomi/fishros_src_learn/chart4/chapt4_ws/install/chapt4_interfaces/share/chapt4_interfaces/local_setup.bash
[1.908s] -- Up-to-date: /home/xiaomi/fishros_src_learn/chart4/chapt4_ws/install/chapt4_interfaces/share/chapt4_interfaces/local_setup.sh
[1.908s] -- Up-to-date: /home/xiaomi/fishros_src_learn/chart4/chapt4_ws/install/chapt4_interfaces/share/chapt4_interfaces/local_setup.zsh
[1.908s] -- Installing: /home/xiaomi/fishros_src_learn/chart4/chapt4_ws/install/chapt4_interfaces/share/chapt4_interfaces/local_setup.dsv
[1.908s] -- Installing: /home/xiaomi/fishros_src_learn/chart4/chapt4_ws/install/chapt4_interfaces/share/chapt4_interfaces/package.dsv
[1.909s] -- Up-to-date: /home/xiaomi/fishros_src_learn/chart4/chapt4_ws/install/chapt4_interfaces/share/ament_index/resource_index/packages/chapt4_interfaces
[1.909s] -- Up-to-date: /home/xiaomi/fishros_src_learn/chart4/chapt4_ws/install/chapt4_interfaces/share/chapt4_interfaces/cmake/export_chapt4_interfaces__rosidl_generator_cExport.cmake
[1.909s] -- Up-to-date: /home/xiaomi/fishros_src_learn/chart4/chapt4_ws/install/chapt4_interfaces/share/chapt4_interfaces/cmake/export_chapt4_interfaces__rosidl_generator_cExport-noconfig.cmake
[1.909s] -- Up-to-date: /home/xiaomi/fishros_src_learn/chart4/chapt4_ws/install/chapt4_interfaces/share/chapt4_interfaces/cmake/export_chapt4_interfaces__rosidl_typesupport_fastrtps_cExport.cmake
[1.909s] -- Up-to-date: /home/xiaomi/fishros_src_learn/chart4/chapt4_ws/install/chapt4_interfaces/share/chapt4_interfaces/cmake/export_chapt4_interfaces__rosidl_typesupport_fastrtps_cExport-noconfig.cmake
[1.910s] -- Up-to-date: /home/xiaomi/fishros_src_learn/chart4/chapt4_ws/install/chapt4_interfaces/share/chapt4_interfaces/cmake/chapt4_interfaces__rosidl_typesupport_introspection_cExport.cmake
[1.910s] -- Up-to-date: /home/xiaomi/fishros_src_learn/chart4/chapt4_ws/install/chapt4_interfaces/share/chapt4_interfaces/cmake/chapt4_interfaces__rosidl_typesupport_introspection_cExport-noconfig.cmake
[1.910s] -- Up-to-date: /home/xiaomi/fishros_src_learn/chart4/chapt4_ws/install/chapt4_interfaces/share/chapt4_interfaces/cmake/chapt4_interfaces__rosidl_typesupport_cExport.cmake
[1.910s] -- Up-to-date: /home/xiaomi/fishros_src_learn/chart4/chapt4_ws/install/chapt4_interfaces/share/chapt4_interfaces/cmake/chapt4_interfaces__rosidl_typesupport_cExport-noconfig.cmake
[1.910s] -- Up-to-date: /home/xiaomi/fishros_src_learn/chart4/chapt4_ws/install/chapt4_interfaces/share/chapt4_interfaces/cmake/export_chapt4_interfaces__rosidl_generator_cppExport.cmake
[1.911s] -- Up-to-date: /home/xiaomi/fishros_src_learn/chart4/chapt4_ws/install/chapt4_interfaces/share/chapt4_interfaces/cmake/export_chapt4_interfaces__rosidl_typesupport_fastrtps_cppExport.cmake
[1.911s] -- Up-to-date: /home/xiaomi/fishros_src_learn/chart4/chapt4_ws/install/chapt4_interfaces/share/chapt4_interfaces/cmake/export_chapt4_interfaces__rosidl_typesupport_fastrtps_cppExport-noconfig.cmake
[1.911s] -- Up-to-date: /home/xiaomi/fishros_src_learn/chart4/chapt4_ws/install/chapt4_interfaces/share/chapt4_interfaces/cmake/chapt4_interfaces__rosidl_typesupport_introspection_cppExport.cmake
[1.911s] -- Up-to-date: /home/xiaomi/fishros_src_learn/chart4/chapt4_ws/install/chapt4_interfaces/share/chapt4_interfaces/cmake/chapt4_interfaces__rosidl_typesupport_introspection_cppExport-noconfig.cmake
[1.911s] -- Up-to-date: /home/xiaomi/fishros_src_learn/chart4/chapt4_ws/install/chapt4_interfaces/share/chapt4_interfaces/cmake/chapt4_interfaces__rosidl_typesupport_cppExport.cmake
[1.912s] -- Up-to-date: /home/xiaomi/fishros_src_learn/chart4/chapt4_ws/install/chapt4_interfaces/share/chapt4_interfaces/cmake/chapt4_interfaces__rosidl_typesupport_cppExport-noconfig.cmake
[1.912s] -- Up-to-date: /home/xiaomi/fishros_src_learn/chart4/chapt4_ws/install/chapt4_interfaces/share/chapt4_interfaces/cmake/export_chapt4_interfaces__rosidl_generator_pyExport.cmake
[1.912s] -- Up-to-date: /home/xiaomi/fishros_src_learn/chart4/chapt4_ws/install/chapt4_interfaces/share/chapt4_interfaces/cmake/export_chapt4_interfaces__rosidl_generator_pyExport-noconfig.cmake
[1.912s] -- Up-to-date: /home/xiaomi/fishros_src_learn/chart4/chapt4_ws/install/chapt4_interfaces/share/chapt4_interfaces/cmake/rosidl_cmake-extras.cmake
[1.912s] -- Up-to-date: /home/xiaomi/fishros_src_learn/chart4/chapt4_ws/install/chapt4_interfaces/share/chapt4_interfaces/cmake/ament_cmake_export_dependencies-extras.cmake
[1.912s] -- Up-to-date: /home/xiaomi/fishros_src_learn/chart4/chapt4_ws/install/chapt4_interfaces/share/chapt4_interfaces/cmake/ament_cmake_export_include_directories-extras.cmake
[1.913s] -- Up-to-date: /home/xiaomi/fishros_src_learn/chart4/chapt4_ws/install/chapt4_interfaces/share/chapt4_interfaces/cmake/ament_cmake_export_libraries-extras.cmake
[1.913s] -- Up-to-date: /home/xiaomi/fishros_src_learn/chart4/chapt4_ws/install/chapt4_interfaces/share/chapt4_interfaces/cmake/ament_cmake_export_targets-extras.cmake
[1.913s] -- Up-to-date: /home/xiaomi/fishros_src_learn/chart4/chapt4_ws/install/chapt4_interfaces/share/chapt4_interfaces/cmake/rosidl_cmake_export_typesupport_targets-extras.cmake
[1.913s] -- Up-to-date: /home/xiaomi/fishros_src_learn/chart4/chapt4_ws/install/chapt4_interfaces/share/chapt4_interfaces/cmake/rosidl_cmake_export_typesupport_libraries-extras.cmake
[1.913s] -- Up-to-date: /home/xiaomi/fishros_src_learn/chart4/chapt4_ws/install/chapt4_interfaces/share/chapt4_interfaces/cmake/chapt4_interfacesConfig.cmake
[1.913s] -- Up-to-date: /home/xiaomi/fishros_src_learn/chart4/chapt4_ws/install/chapt4_interfaces/share/chapt4_interfaces/cmake/chapt4_interfacesConfig-version.cmake
[1.913s] -- Up-to-date: /home/xiaomi/fishros_src_learn/chart4/chapt4_ws/install/chapt4_interfaces/share/chapt4_interfaces/package.xml
[1.916s] Invoked command in '/home/xiaomi/fishros_src_learn/chart4/chapt4_ws/build/chapt4_interfaces' returned '0': CMAKE_PREFIX_PATH=${CMAKE_PREFIX_PATH}:/home/xiaomi/fishros_src_learn/chart4/chapt4_ws/install/demo_python_service:/opt/ros/humble /usr/bin/cmake --install /home/xiaomi/fishros_src_learn/chart4/chapt4_ws/build/chapt4_interfaces
