[0.564s] Invoking command in '/home/xiaomi/fishros_src_learn/chart3/topic_ws/src/demo_python_topic': PYTHONPATH=/home/xiaomi/fishros_src_learn/chart3/topic_ws/build/demo_python_topic/prefix_override:/usr/lib/python3/dist-packages/colcon_core/task/python/colcon_distutils_commands:/home/xiaomi/fishros_src_learn/chart3/topic_ws/install/demo_python_topic/lib/python3.10/site-packages:${PYTHONPATH} /usr/bin/python3 -W ignore:setup.py install is deprecated -W ignore:easy_install command is deprecated setup.py egg_info --egg-base ../../build/demo_python_topic build --build-base /home/xiaomi/fishros_src_learn/chart3/topic_ws/build/demo_python_topic/build install --record /home/xiaomi/fishros_src_learn/chart3/topic_ws/build/demo_python_topic/install.log --single-version-externally-managed install_data
[0.784s] running egg_info
[0.785s] writing ../../build/demo_python_topic/demo_python_topic.egg-info/PKG-INFO
[0.786s] writing dependency_links to ../../build/demo_python_topic/demo_python_topic.egg-info/dependency_links.txt
[0.786s] writing entry points to ../../build/demo_python_topic/demo_python_topic.egg-info/entry_points.txt
[0.786s] writing requirements to ../../build/demo_python_topic/demo_python_topic.egg-info/requires.txt
[0.787s] writing top-level names to ../../build/demo_python_topic/demo_python_topic.egg-info/top_level.txt
[0.788s] reading manifest file '../../build/demo_python_topic/demo_python_topic.egg-info/SOURCES.txt'
[0.799s] adding license file 'LICENSE'
[0.799s] writing manifest file '../../build/demo_python_topic/demo_python_topic.egg-info/SOURCES.txt'
[0.800s] running build
[0.800s] running build_py
[0.800s] copying demo_python_topic/novel_sub_node.py -> /home/xiaomi/fishros_src_learn/chart3/topic_ws/build/demo_python_topic/build/lib/demo_python_topic
[0.800s] copying demo_python_topic/novel_pub_node.py -> /home/xiaomi/fishros_src_learn/chart3/topic_ws/build/demo_python_topic/build/lib/demo_python_topic
[0.800s] running install
[0.801s] running install_lib
[0.801s] copying /home/xiaomi/fishros_src_learn/chart3/topic_ws/build/demo_python_topic/build/lib/demo_python_topic/novel_sub_node.py -> /home/xiaomi/fishros_src_learn/chart3/topic_ws/install/demo_python_topic/lib/python3.10/site-packages/demo_python_topic
[0.801s] copying /home/xiaomi/fishros_src_learn/chart3/topic_ws/build/demo_python_topic/build/lib/demo_python_topic/novel_pub_node.py -> /home/xiaomi/fishros_src_learn/chart3/topic_ws/install/demo_python_topic/lib/python3.10/site-packages/demo_python_topic
[0.802s] byte-compiling /home/xiaomi/fishros_src_learn/chart3/topic_ws/install/demo_python_topic/lib/python3.10/site-packages/demo_python_topic/novel_sub_node.py to novel_sub_node.cpython-310.pyc
[0.802s] byte-compiling /home/xiaomi/fishros_src_learn/chart3/topic_ws/install/demo_python_topic/lib/python3.10/site-packages/demo_python_topic/novel_pub_node.py to novel_pub_node.cpython-310.pyc
[0.803s] running install_data
[0.803s] running install_egg_info
[0.805s] removing '/home/xiaomi/fishros_src_learn/chart3/topic_ws/install/demo_python_topic/lib/python3.10/site-packages/demo_python_topic-0.0.0-py3.10.egg-info' (and everything under it)
[0.805s] Copying ../../build/demo_python_topic/demo_python_topic.egg-info to /home/xiaomi/fishros_src_learn/chart3/topic_ws/install/demo_python_topic/lib/python3.10/site-packages/demo_python_topic-0.0.0-py3.10.egg-info
[0.807s] running install_scripts
[0.826s] Installing novel_pub_node script to /home/xiaomi/fishros_src_learn/chart3/topic_ws/install/demo_python_topic/lib/demo_python_topic
[0.826s] Installing novel_sub_node script to /home/xiaomi/fishros_src_learn/chart3/topic_ws/install/demo_python_topic/lib/demo_python_topic
[0.827s] writing list of installed files to '/home/xiaomi/fishros_src_learn/chart3/topic_ws/build/demo_python_topic/install.log'
[0.854s] Invoked command in '/home/xiaomi/fishros_src_learn/chart3/topic_ws/src/demo_python_topic' returned '0': PYTHONPATH=/home/xiaomi/fishros_src_learn/chart3/topic_ws/build/demo_python_topic/prefix_override:/usr/lib/python3/dist-packages/colcon_core/task/python/colcon_distutils_commands:/home/xiaomi/fishros_src_learn/chart3/topic_ws/install/demo_python_topic/lib/python3.10/site-packages:${PYTHONPATH} /usr/bin/python3 -W ignore:setup.py install is deprecated -W ignore:easy_install command is deprecated setup.py egg_info --egg-base ../../build/demo_python_topic build --build-base /home/xiaomi/fishros_src_learn/chart3/topic_ws/build/demo_python_topic/build install --record /home/xiaomi/fishros_src_learn/chart3/topic_ws/build/demo_python_topic/install.log --single-version-externally-managed install_data
