[0.781s] Invoking command in '/home/xiaomi/fishros_src_learn/chart4/chapt4_ws/src/demo_python_service': CMAKE_PREFIX_PATH=/home/xiaomi/fishros_src_learn/chart4/chapt4_ws/install/chapt4_interfaces:/home/xiaomi/fishros_src_learn/chart4/chapt4_ws/install/demo_cpp_service PYTHONPATH=/home/xiaomi/fishros_src_learn/chart4/chapt4_ws/build/demo_python_service/prefix_override:/usr/lib/python3/dist-packages/colcon_core/task/python/colcon_distutils_commands:/home/xiaomi/fishros_src_learn/chart4/chapt4_ws/install/demo_python_service/lib/python3.10/site-packages:${PYTHONPATH} /usr/bin/python3 -W ignore:setup.py install is deprecated -W ignore:easy_install command is deprecated setup.py egg_info --egg-base ../../build/demo_python_service build --build-base /home/xiaomi/fishros_src_learn/chart4/chapt4_ws/build/demo_python_service/build install --record /home/xiaomi/fishros_src_learn/chart4/chapt4_ws/build/demo_python_service/install.log --single-version-externally-managed install_data
[1.012s] running egg_info
[1.013s] writing ../../build/demo_python_service/demo_python_service.egg-info/PKG-INFO
[1.013s] writing dependency_links to ../../build/demo_python_service/demo_python_service.egg-info/dependency_links.txt
[1.014s] writing entry points to ../../build/demo_python_service/demo_python_service.egg-info/entry_points.txt
[1.014s] writing requirements to ../../build/demo_python_service/demo_python_service.egg-info/requires.txt
[1.014s] writing top-level names to ../../build/demo_python_service/demo_python_service.egg-info/top_level.txt
[1.016s] reading manifest file '../../build/demo_python_service/demo_python_service.egg-info/SOURCES.txt'
[1.016s] adding license file 'LICENSE'
[1.017s] writing manifest file '../../build/demo_python_service/demo_python_service.egg-info/SOURCES.txt'
[1.017s] running build
[1.018s] running build_py
[1.018s] running install
[1.018s] running install_lib
[1.020s] running install_data
[1.020s] running install_egg_info
[1.022s] removing '/home/xiaomi/fishros_src_learn/chart4/chapt4_ws/install/demo_python_service/lib/python3.10/site-packages/demo_python_service-0.0.0-py3.10.egg-info' (and everything under it)
[1.022s] Copying ../../build/demo_python_service/demo_python_service.egg-info to /home/xiaomi/fishros_src_learn/chart4/chapt4_ws/install/demo_python_service/lib/python3.10/site-packages/demo_python_service-0.0.0-py3.10.egg-info
[1.023s] running install_scripts
[1.041s] Installing face_detect_client_node script to /home/xiaomi/fishros_src_learn/chart4/chapt4_ws/install/demo_python_service/lib/demo_python_service
[1.041s] Installing face_detect_node script to /home/xiaomi/fishros_src_learn/chart4/chapt4_ws/install/demo_python_service/lib/demo_python_service
[1.041s] Installing learn_face_detect script to /home/xiaomi/fishros_src_learn/chart4/chapt4_ws/install/demo_python_service/lib/demo_python_service
[1.042s] writing list of installed files to '/home/xiaomi/fishros_src_learn/chart4/chapt4_ws/build/demo_python_service/install.log'
[1.063s] Invoked command in '/home/xiaomi/fishros_src_learn/chart4/chapt4_ws/src/demo_python_service' returned '0': CMAKE_PREFIX_PATH=/home/xiaomi/fishros_src_learn/chart4/chapt4_ws/install/chapt4_interfaces:/home/xiaomi/fishros_src_learn/chart4/chapt4_ws/install/demo_cpp_service PYTHONPATH=/home/xiaomi/fishros_src_learn/chart4/chapt4_ws/build/demo_python_service/prefix_override:/usr/lib/python3/dist-packages/colcon_core/task/python/colcon_distutils_commands:/home/xiaomi/fishros_src_learn/chart4/chapt4_ws/install/demo_python_service/lib/python3.10/site-packages:${PYTHONPATH} /usr/bin/python3 -W ignore:setup.py install is deprecated -W ignore:easy_install command is deprecated setup.py egg_info --egg-base ../../build/demo_python_service build --build-base /home/xiaomi/fishros_src_learn/chart4/chapt4_ws/build/demo_python_service/build install --record /home/xiaomi/fishros_src_learn/chart4/chapt4_ws/build/demo_python_service/install.log --single-version-externally-managed install_data
