[0.572s] Invoking command in '/home/xiaomi/fishros_src_learn/chart2/chapt2_ws/src/demo_python_pkg': PYTHONPATH=/home/xiaomi/fishros_src_learn/chart2/chapt2_ws/build/demo_python_pkg/prefix_override:/usr/lib/python3/dist-packages/colcon_core/task/python/colcon_distutils_commands:/home/xiaomi/fishros_src_learn/chart2/chapt2_ws/install/demo_python_pkg/lib/python3.10/site-packages:${PYTHONPATH} /usr/bin/python3 -W ignore:setup.py install is deprecated -W ignore:easy_install command is deprecated setup.py egg_info --egg-base ../../build/demo_python_pkg build --build-base /home/xiaomi/fishros_src_learn/chart2/chapt2_ws/build/demo_python_pkg/build install --record /home/xiaomi/fishros_src_learn/chart2/chapt2_ws/build/demo_python_pkg/install.log --single-version-externally-managed install_data
[0.768s] running egg_info
[0.769s] creating ../../build/demo_python_pkg/demo_python_pkg.egg-info
[0.769s] writing ../../build/demo_python_pkg/demo_python_pkg.egg-info/PKG-INFO
[0.769s] writing dependency_links to ../../build/demo_python_pkg/demo_python_pkg.egg-info/dependency_links.txt
[0.769s] writing entry points to ../../build/demo_python_pkg/demo_python_pkg.egg-info/entry_points.txt
[0.769s] writing requirements to ../../build/demo_python_pkg/demo_python_pkg.egg-info/requires.txt
[0.769s] writing top-level names to ../../build/demo_python_pkg/demo_python_pkg.egg-info/top_level.txt
[0.770s] writing manifest file '../../build/demo_python_pkg/demo_python_pkg.egg-info/SOURCES.txt'
[0.771s] reading manifest file '../../build/demo_python_pkg/demo_python_pkg.egg-info/SOURCES.txt'
[0.771s] adding license file 'LICENSE'
[0.772s] writing manifest file '../../build/demo_python_pkg/demo_python_pkg.egg-info/SOURCES.txt'
[0.772s] running build
[0.772s] running build_py
[0.772s] creating /home/xiaomi/fishros_src_learn/chart2/chapt2_ws/build/demo_python_pkg/build
[0.772s] creating /home/xiaomi/fishros_src_learn/chart2/chapt2_ws/build/demo_python_pkg/build/lib
[0.772s] creating /home/xiaomi/fishros_src_learn/chart2/chapt2_ws/build/demo_python_pkg/build/lib/demo_python_pkg
[0.772s] copying demo_python_pkg/learn_thread.py -> /home/xiaomi/fishros_src_learn/chart2/chapt2_ws/build/demo_python_pkg/build/lib/demo_python_pkg
[0.772s] copying demo_python_pkg/__init__.py -> /home/xiaomi/fishros_src_learn/chart2/chapt2_ws/build/demo_python_pkg/build/lib/demo_python_pkg
[0.773s] copying demo_python_pkg/writer_node.py -> /home/xiaomi/fishros_src_learn/chart2/chapt2_ws/build/demo_python_pkg/build/lib/demo_python_pkg
[0.773s] copying demo_python_pkg/python_node.py -> /home/xiaomi/fishros_src_learn/chart2/chapt2_ws/build/demo_python_pkg/build/lib/demo_python_pkg
[0.773s] copying demo_python_pkg/person_node.py -> /home/xiaomi/fishros_src_learn/chart2/chapt2_ws/build/demo_python_pkg/build/lib/demo_python_pkg
[0.773s] running install
[0.773s] running install_lib
[0.774s] creating /home/xiaomi/fishros_src_learn/chart2/chapt2_ws/install/demo_python_pkg/lib/python3.10/site-packages/demo_python_pkg
[0.774s] copying /home/xiaomi/fishros_src_learn/chart2/chapt2_ws/build/demo_python_pkg/build/lib/demo_python_pkg/learn_thread.py -> /home/xiaomi/fishros_src_learn/chart2/chapt2_ws/install/demo_python_pkg/lib/python3.10/site-packages/demo_python_pkg
[0.774s] copying /home/xiaomi/fishros_src_learn/chart2/chapt2_ws/build/demo_python_pkg/build/lib/demo_python_pkg/__init__.py -> /home/xiaomi/fishros_src_learn/chart2/chapt2_ws/install/demo_python_pkg/lib/python3.10/site-packages/demo_python_pkg
[0.774s] copying /home/xiaomi/fishros_src_learn/chart2/chapt2_ws/build/demo_python_pkg/build/lib/demo_python_pkg/writer_node.py -> /home/xiaomi/fishros_src_learn/chart2/chapt2_ws/install/demo_python_pkg/lib/python3.10/site-packages/demo_python_pkg
[0.774s] copying /home/xiaomi/fishros_src_learn/chart2/chapt2_ws/build/demo_python_pkg/build/lib/demo_python_pkg/python_node.py -> /home/xiaomi/fishros_src_learn/chart2/chapt2_ws/install/demo_python_pkg/lib/python3.10/site-packages/demo_python_pkg
[0.775s] copying /home/xiaomi/fishros_src_learn/chart2/chapt2_ws/build/demo_python_pkg/build/lib/demo_python_pkg/person_node.py -> /home/xiaomi/fishros_src_learn/chart2/chapt2_ws/install/demo_python_pkg/lib/python3.10/site-packages/demo_python_pkg
[0.775s] byte-compiling /home/xiaomi/fishros_src_learn/chart2/chapt2_ws/install/demo_python_pkg/lib/python3.10/site-packages/demo_python_pkg/learn_thread.py to learn_thread.cpython-310.pyc
[0.776s] byte-compiling /home/xiaomi/fishros_src_learn/chart2/chapt2_ws/install/demo_python_pkg/lib/python3.10/site-packages/demo_python_pkg/__init__.py to __init__.cpython-310.pyc
[0.776s] byte-compiling /home/xiaomi/fishros_src_learn/chart2/chapt2_ws/install/demo_python_pkg/lib/python3.10/site-packages/demo_python_pkg/writer_node.py to writer_node.cpython-310.pyc
[0.776s] byte-compiling /home/xiaomi/fishros_src_learn/chart2/chapt2_ws/install/demo_python_pkg/lib/python3.10/site-packages/demo_python_pkg/python_node.py to python_node.cpython-310.pyc
[0.776s] byte-compiling /home/xiaomi/fishros_src_learn/chart2/chapt2_ws/install/demo_python_pkg/lib/python3.10/site-packages/demo_python_pkg/person_node.py to person_node.cpython-310.pyc
[0.777s] running install_data
[0.777s] creating /home/xiaomi/fishros_src_learn/chart2/chapt2_ws/install/demo_python_pkg/share/ament_index
[0.777s] creating /home/xiaomi/fishros_src_learn/chart2/chapt2_ws/install/demo_python_pkg/share/ament_index/resource_index
[0.777s] creating /home/xiaomi/fishros_src_learn/chart2/chapt2_ws/install/demo_python_pkg/share/ament_index/resource_index/packages
[0.777s] copying resource/demo_python_pkg -> /home/xiaomi/fishros_src_learn/chart2/chapt2_ws/install/demo_python_pkg/share/ament_index/resource_index/packages
[0.777s] copying package.xml -> /home/xiaomi/fishros_src_learn/chart2/chapt2_ws/install/demo_python_pkg/share/demo_python_pkg
[0.777s] running install_egg_info
[0.779s] Copying ../../build/demo_python_pkg/demo_python_pkg.egg-info to /home/xiaomi/fishros_src_learn/chart2/chapt2_ws/install/demo_python_pkg/lib/python3.10/site-packages/demo_python_pkg-0.0.0-py3.10.egg-info
[0.780s] running install_scripts
[0.796s] Installing learn_thread script to /home/xiaomi/fishros_src_learn/chart2/chapt2_ws/install/demo_python_pkg/lib/demo_python_pkg
[0.797s] Installing person_node script to /home/xiaomi/fishros_src_learn/chart2/chapt2_ws/install/demo_python_pkg/lib/demo_python_pkg
[0.797s] Installing py_node script to /home/xiaomi/fishros_src_learn/chart2/chapt2_ws/install/demo_python_pkg/lib/demo_python_pkg
[0.797s] Installing writer_node script to /home/xiaomi/fishros_src_learn/chart2/chapt2_ws/install/demo_python_pkg/lib/demo_python_pkg
[0.797s] writing list of installed files to '/home/xiaomi/fishros_src_learn/chart2/chapt2_ws/build/demo_python_pkg/install.log'
[0.819s] Invoked command in '/home/xiaomi/fishros_src_learn/chart2/chapt2_ws/src/demo_python_pkg' returned '0': PYTHONPATH=/home/xiaomi/fishros_src_learn/chart2/chapt2_ws/build/demo_python_pkg/prefix_override:/usr/lib/python3/dist-packages/colcon_core/task/python/colcon_distutils_commands:/home/xiaomi/fishros_src_learn/chart2/chapt2_ws/install/demo_python_pkg/lib/python3.10/site-packages:${PYTHONPATH} /usr/bin/python3 -W ignore:setup.py install is deprecated -W ignore:easy_install command is deprecated setup.py egg_info --egg-base ../../build/demo_python_pkg build --build-base /home/xiaomi/fishros_src_learn/chart2/chapt2_ws/build/demo_python_pkg/build install --record /home/xiaomi/fishros_src_learn/chart2/chapt2_ws/build/demo_python_pkg/install.log --single-version-externally-managed install_data
