[0.781s] Invoking command in '/home/xiaomi/fishros_src_learn/chart2/chapt2_ws/src/demo_python_pkg': PYTHONPATH=/home/xiaomi/fishros_src_learn/chart2/chapt2_ws/build/demo_python_pkg/prefix_override:/usr/lib/python3/dist-packages/colcon_core/task/python/colcon_distutils_commands:/home/xiaomi/fishros_src_learn/chart2/chapt2_ws/install/demo_python_pkg/lib/python3.10/site-packages:${PYTHONPATH} /usr/bin/python3 -W ignore:setup.py install is deprecated -W ignore:easy_install command is deprecated setup.py egg_info --egg-base ../../build/demo_python_pkg build --build-base /home/xiaomi/fishros_src_learn/chart2/chapt2_ws/build/demo_python_pkg/build install --record /home/xiaomi/fishros_src_learn/chart2/chapt2_ws/build/demo_python_pkg/install.log --single-version-externally-managed install_data
[0.992s] running egg_info
[0.992s] writing ../../build/demo_python_pkg/demo_python_pkg.egg-info/PKG-INFO
[0.993s] writing dependency_links to ../../build/demo_python_pkg/demo_python_pkg.egg-info/dependency_links.txt
[0.993s] writing entry points to ../../build/demo_python_pkg/demo_python_pkg.egg-info/entry_points.txt
[0.993s] writing requirements to ../../build/demo_python_pkg/demo_python_pkg.egg-info/requires.txt
[0.993s] writing top-level names to ../../build/demo_python_pkg/demo_python_pkg.egg-info/top_level.txt
[0.995s] reading manifest file '../../build/demo_python_pkg/demo_python_pkg.egg-info/SOURCES.txt'
[0.995s] adding license file 'LICENSE'
[0.996s] writing manifest file '../../build/demo_python_pkg/demo_python_pkg.egg-info/SOURCES.txt'
[0.996s] running build
[0.996s] running build_py
[0.997s] running install
[0.997s] running install_lib
[0.998s] running install_data
[0.998s] copying package.xml -> /home/xiaomi/fishros_src_learn/chart2/chapt2_ws/install/demo_python_pkg/share/demo_python_pkg
[0.999s] running install_egg_info
[1.000s] removing '/home/xiaomi/fishros_src_learn/chart2/chapt2_ws/install/demo_python_pkg/lib/python3.10/site-packages/demo_python_pkg-0.0.0-py3.10.egg-info' (and everything under it)
[1.002s] Copying ../../build/demo_python_pkg/demo_python_pkg.egg-info to /home/xiaomi/fishros_src_learn/chart2/chapt2_ws/install/demo_python_pkg/lib/python3.10/site-packages/demo_python_pkg-0.0.0-py3.10.egg-info
[1.002s] running install_scripts
[1.019s] Installing learn_thread script to /home/xiaomi/fishros_src_learn/chart2/chapt2_ws/install/demo_python_pkg/lib/demo_python_pkg
[1.019s] Installing person_node script to /home/xiaomi/fishros_src_learn/chart2/chapt2_ws/install/demo_python_pkg/lib/demo_python_pkg
[1.020s] Installing py_node script to /home/xiaomi/fishros_src_learn/chart2/chapt2_ws/install/demo_python_pkg/lib/demo_python_pkg
[1.021s] Installing writer_node script to /home/xiaomi/fishros_src_learn/chart2/chapt2_ws/install/demo_python_pkg/lib/demo_python_pkg
[1.021s] writing list of installed files to '/home/xiaomi/fishros_src_learn/chart2/chapt2_ws/build/demo_python_pkg/install.log'
[1.046s] Invoked command in '/home/xiaomi/fishros_src_learn/chart2/chapt2_ws/src/demo_python_pkg' returned '0': PYTHONPATH=/home/xiaomi/fishros_src_learn/chart2/chapt2_ws/build/demo_python_pkg/prefix_override:/usr/lib/python3/dist-packages/colcon_core/task/python/colcon_distutils_commands:/home/xiaomi/fishros_src_learn/chart2/chapt2_ws/install/demo_python_pkg/lib/python3.10/site-packages:${PYTHONPATH} /usr/bin/python3 -W ignore:setup.py install is deprecated -W ignore:easy_install command is deprecated setup.py egg_info --egg-base ../../build/demo_python_pkg build --build-base /home/xiaomi/fishros_src_learn/chart2/chapt2_ws/build/demo_python_pkg/build install --record /home/xiaomi/fishros_src_learn/chart2/chapt2_ws/build/demo_python_pkg/install.log --single-version-externally-managed install_data
